7187.92,3743.8
6623.42,3320.09
6611.33,2970.42
7153.27,3079.91
7329.37,2917.33
8214.76,2671.73
8360.13,1753.7
8244.06,1567.1
7103.02,1773.49
6832.63,291.204
7324.44,414.764
8125.33,372.987
8467.84,196.56
8679.15,65.9899
9324.68,1636.51
9711.57,1424.46
10025.2,1197.63
10467.9,1203
9886.82,2119.1
10156.3,3479.29
9951.72,3708.38
11006.9,4302.21
10834.7,3806.75
11118.4,3186.07
11178.6,3151.85
11843.8,3014.19
11635.8,1919.06
11416.5,1606.87
12216.6,1627.79
12300.5,1096.37
12237.7,960.688
11894.2,897.484
12878.4,492.781
13396.1,272.017
14023.7,1383.79
13079.8,2283.63
14546.3,3211.37
15928.6,3278.69
16141.7,2656.54
16251.6,2617.07
17363.5,3513.2
16874.5,2693.67
16759.9,2048.85
16423.1,1578.47
16128.1,1164.04
15340,1049.14
15966.7,1038.31
16991.7,734.792
17047.9,868.213
17236.5,917.421
17425.9,1237.02
17944.7,1335.07
17453.3,429.89
17325.2,285.696
17585.6,156.386
18237.8,201.67
18646.3,344.791
18229.3,997.924
19495.6,1633.97
18959,1839.62
18856.3,2111.61
18532.5,2342.12
18148.5,2652.79
19648.4,3186.3
19407.9,3551.02
18909.1,3925.54
18273.9,4425.88
19129.4,4305.42
19289.2,4959.92
19291.7,5261.63
19387.4,6007.22
19597.8,6869.56
19112.7,7400.09
18545.1,7621.85
19322.4,8752.36
19776.3,9245.91
19713.3,9401.38
19410.1,10005.7
18634.6,9832.85
18541.5,9932.11
18477.7,9846.58
17393.3,9716.77
16722.1,9977.09
16771.6,10328.6
17201.2,10549.5
17732.9,11426.2
18828.6,10913.7
19156.7,11356.8
19584,11764.2
19832.8,12648.5
19543.1,12795.7
19314.4,14212.9
18401.4,13433.5
18251.6,13434.6
18235.4,13417.4
17836,13157.3
17733,13461.7
17998.1,14875
16802.9,15304
17785.5,16914.9
17997.4,16512.6
18397.4,16684.1
19196.2,16292.3
18994.3,15507.9
19626.1,15662.8
19766.5,15535.8
19776.2,15676.6
19304,16312.5
19122.6,16864.8
18787.9,17338.7
18312.5,17846.9
19475.9,18142.4
19195.5,18499.1
19484.9,19392.4
19971.7,19313.1
19711.2,19661.5
19671.2,19990.3
19509.6,19929.9
19023.4,19690.2
17706.1,18348.5
17050.4,18067.8
17035.3,18077.4
16844.3,18353.9
16619.8,18303.7
16527,17049.8
16308.1,16725.5
16384.9,16575.4
16543.1,16431.7
16703.2,16105.9
16054.3,15822.6
15747.5,16182.1
15677,16146.5
15762.2,14422.8
15499.5,14473.8
15293.1,14219
15604,13524
16682.2,12881.2
15646.5,12930.3
14980.9,13520
14898.6,13721.3
14651.4,15588.1
15057.5,16508.6
14430.8,16363.8
13836.1,16227.2
13019.3,16591
13541.1,17734.5
14204.3,17917.3
14325.5,17265.1
15106.8,16808.6
15601.6,17507.6
15575.7,17854.8
15579,18250.1
15666.6,18323.4
16418.1,19383.5
14879.4,19099.2
14632.9,19618.6
14041.3,19639.2
13227.9,19006.7
12660.2,19267.7
12460.8,19076.5
12755.7,18349.9
12065.1,18460.7
11653.9,18933.9
11731.1,19992.5
11130.3,18543.1
10722.6,18347.9
11870.8,17757.2
12017.4,17181.7
11974.8,16355.4
12265.1,15669.6
12599.9,15576.6
11924.3,14581.2
11622.4,14410.9
13116.6,14111.4
12906.5,13482.9
12624.6,13211.7
11616.7,13363.5
11008.7,14048.2
10368.1,13894.6
10557.3,13330.2
10073.1,13198.3
9925.36,12578.1
10686.6,12446
10930.6,12671.6
11858.9,12421.1
12912.5,11371.3
13292.9,11892.5
14559,11304.7
15321.1,11124.9
16064.2,11779.9
16286.9,11006.1
15908,10625.9
15809.2,10525.2
15101.3,9885.35
14990.8,9615.01
14562.9,10052.9
14234.6,9265.68
14840.4,8876.96
14433.2,8433.9
13631.4,8541.41
14242.8,7754.42
14431.1,7223.46
15332.5,7500.12
15240.7,7277.79
15278.5,6693.27
15209.4,6466.4
15451.7,6410.31
15792.8,6703.37
16072.7,7594.73
16434.7,7818.98
15802.2,7900.83
16190.6,8865.06
17802.9,8560.69
18454.4,7333.07
18499.3,5734.61
18097,5317.11
18133.6,5668.85
17756.6,5846.4
17466.6,5560.86
17104.4,5772.49
16884.4,5819.05
16929,4785.78
16429.8,4940.12
16354.7,4572.48
15311,4918.63
14743,4654.6
13448,4134.79
13100.5,3903.79
13210.4,4659.36
13262.2,5122.68
12017.9,5431.61
11397.8,5414.87
11498.1,5814
11167.3,6234.86
11053.4,6628.21
10780.5,6883.71
10821.2,6908.28
11505.9,7607.54
12223,6953.95
12204.9,7883.47
11531,9310.86
11665.3,9585.05
11515.5,10508.9
11058.7,10395.1
10018.3,8291.28
10170.9,7937.35
9936.7,7426.39
9218.93,8529.61
9487.82,8593.14
9443.95,9257.12
9884.53,9807.41
10098.4,10085.7
9928,10142.1
10013.2,10460.4
10435.4,10911.7
9740.87,10724.1
9226.78,11536.6
8765.33,12078.6
9006.15,12473
8195.53,13122
8802.7,13711.9
9011.96,13493.1
9354.58,13804.8
10035.8,14601.8
9823.07,15202.6
9899.72,15224.7
9906.59,15144.1
10114.4,15174.3
10294.1,14930.4
10611.9,14895
11240.9,15356.5
10793.4,16103.5
9929.54,16625.4
10096.8,16963.7
9705.22,17250.4
9203.68,17371.9
8469.08,15190.4
8598.35,16311.7
8530.56,16382.4
8464.08,17371.4
8531.61,18280
9263.96,18205.9
9756.76,18521
10115.6,19005
9679.62,19046.7
9106.29,19848.8
7445.37,19963.9
6870.11,19561.7
6024.76,19636.5
4969.24,19660.4
5413.73,18578.5
5043.94,18185.3
4194.85,18243.7
4288.89,17649.3
4176.75,17043.9
4337.99,16481.3
4784.55,17251.3
5414.56,17274.3
5735.73,16472.2
6107.57,16104.6
6938.35,16379.8
7354.75,16046.8
7446.7,15490.3
7199.32,15243.1
6210.48,14830.2
5923.59,14498.9
5849.68,14090.8
6208.69,13702
6747.01,13230
6715.49,12607.4
6549.77,11339.7
6549.95,10451.8
6559.67,9698.69
6654,9641.29
6336.06,8636.67
6222.74,9068.54
6204.89,9502.18
6180.57,9528.99
5912.99,9811.92
5933.23,12196.9
5721.43,12156.7
5326.34,11909.5
5324.52,12007.8
4590.39,12752.7
4771.07,13566.1
4928.03,14533.2
5440.63,14704.8
5213.43,15232.2
4375.71,15200.9
4097.32,15505.8
3467.92,15765.9
2569.98,15935
2291.46,15842.5
2213,16126.8
881.212,16575
797.335,16906.8
1370.46,16926.2
2002.63,17389
2743.36,17171
2927.78,17841.9
1322.69,18212.4
848.459,17957.3
896.839,18283.2
1733.02,19683.7
1253.68,19685.5
394.705,19644.4
280.043,19683.5
101.767,19828.7
55.3285,19617.9
575.702,18714.1
479.65,18164.4
308.364,17956.5
633.463,17194.7
319.644,16751.5
129.561,16775.3
523.638,14432.3
605.406,13435.6
1343.09,13139.3
1397.02,13161.4
1599.7,15403.1
2103.43,15104.2
2659.15,14773.2
3470.34,14610
3311.35,13620.5
3089.49,13408.5
3424.35,13165.3
4278.84,12134.2
4743.7,11030.9
4395.08,11057.9
3739.54,10853.7
4089.44,10230.4
4593.45,9768.38
4996.28,9963.12
5590.5,9416.48
5570.79,9168.68
5138.92,8390.55
4630.03,8584.48
4815.39,9201.17
3908.18,9095.93
3856.11,9007.29
3658.86,9532.12
3322.28,10010
2343.96,10263.1
1981.23,10341.3
2634.05,11218.6
2953.35,11493.7
3146.74,11957.2
2408.69,11966.6
1573.23,11350.6
1418,10850.4
1229.05,11154.8
1250.68,11862.6
493.312,11580.8
278.159,11314.3
837.548,11017.2
935.589,10725.2
1135.66,10400.6
585.162,9981.62
324.907,9108.53
1594.6,9314.37
1691.51,9077.64
1313.98,8081.66
1193.77,8064.65
98.0722,7999.46
388.536,7359.29
216.524,6616.69
481.767,5991.52
954.712,6226.7
1418.28,5352.95
2110.42,5139.81
3069.19,4935.64
3250.22,5108.21
3037.68,5295.21
2908,6410
1686.82,5882.05
1420.46,6814.43
1734.86,7678.6
1917.29,8097.17
2605.24,7556.71
2928.36,7857.11
3696.99,7983.08
3841.59,7162.93
4060.35,6696.99
4713.05,6594.17
4326.61,5941.33
4707.54,5524.54
5484.18,6018.11
6027.74,7163.1
5948.23,7258.13
5742.61,7304.65
5580.48,7485.66
5959.85,8139.9
6618.8,7915.33
6810.96,7161.41
7027.33,7882.64
7320.26,7688.63
7519.17,7679.13
7666.99,8517.08
7936.11,8220.25
7981.78,8200.07
8214.62,7410.43
8601.63,6948.83
8363.9,6802.48
8172.55,6659.19
8160.72,6648.67
8559.55,6351.47
9849.17,5954.17
9652.71,5374.1
6765.58,5213.34
6016.7,5345.68
5615.17,4797.48
4984.69,4533.36
4085.83,4751.13
3035,3853.4
3392.16,3312.66
4129.51,3236.58
4114.25,2864.85
4569.96,2476.3
3483.2,2801.26
3189.63,2427.28
3051.3,2120
2732.44,1820.66
2460.38,2395.17
2464.63,2844.96
1941.15,3597.8
1876.38,3586.35
1771.71,3870.36
1507.22,4204.51
11.5102,4033.23
482.103,3170.31
368.614,2529.57
424.422,2495.82
598.09,2487.36
437.152,1845.45
1077.81,1604.59
1240.41,1661.78
1078.17,372.712
1924.63,179.209
1580.32,682.763
1865.58,1020.11
2451.2,1408.04
3697.78,1254.29
3781.55,1509.46
3985.03,1583.42
4819.9,1197.9
4451.87,79.5847
5111.76,341.247
5429.78,132.888
5393.53,397.347
5932.96,1557.53
5264.85,1558.9
5196.07,1971.9
5565.08,2144.45
5659.32,2421.39
5873.33,3869.38
6223.93,4714.83
6370.01,4392.48
6451.42,4290.35
6673.39,4057.73
7015.52,3908.89

