13652.2,11400.2
12919,11293.6
13013.8,11014.1
12937.1,10604.6
14487,10064.2
14334.3,9722.84
14953,8977.78
14959.9,8798.98
14486,8843.78
14067.7,8560.19
13392.6,9122.25
11444.7,10991.7
11239.9,10745.4
10242.4,10781.4
10629.2,11304.8
10886,11920.5
9802.46,12137.4
9413.26,11592.5
9418.27,11368.5
9000.43,11229.3
9234.81,11019.2
9543.15,10182.4
10149.2,9842.04
10370,9745.68
10764.6,9880.87
10929,9253.21
11020.8,9247.08
12537.9,8774.59
13732.7,8325.81
15324.2,7749.45
15226.5,7018.34
14979.6,6347.86
14457.2,5746.31
13643.7,5771.61
14497.5,5330.9
14682.9,5001.73
14727.2,4183.19
14418.9,4183.14
14404.9,4054.13
15177.8,3288.52
15087.4,3121.77
15799.6,2821.64
15668.6,2056.97
15523,2042.48
15221.7,2098.08
14977.5,1591.44
14647.3,1601.14
14411.1,2246.79
14192.1,2625.54
14080.9,2641.91
14070.3,2022.64
14001.8,1478.4
14733.8,600.092
15824,18.625
16420.1,1210.46
16576.4,1254.48
16829.8,2736.41
16402.5,3260.43
16890.6,3571.52
16341.3,3792.82
15854,3603.6
15986.8,4860.95
16079.5,4930.05
16237.3,5833.33
16192.8,6125.53
16884.6,4687.69
17184.7,4622.66
17601.3,4181.99
18036.2,3200.3
18346.7,2933.37
18311.5,2778.66
18260.3,2089.57
18255.8,1980.7
17462.2,1631.9
17998,876.211
17627.4,231.557
19124.4,742.499
19386.6,1382.9
19399.5,1474.93
19840.5,1560.79
19429.4,2327.37
19567,2652.49
19176.1,2531.92
18667.6,3652.11
18599.6,3812.3
19463.8,3694.81
19474.7,4545.9
19861,5336.17
19708.6,5647.14
18513.8,5402.74
18403.4,5836.4
17447.5,7391.15
17275.8,7707.73
18162.7,7475.65
18953.2,6891.98
19437.3,7004.36
19500.7,7037.24
19212.3,7473.23
19676.4,7489.07
19711.2,8610.58
19226.6,8807.29
19184.5,9161.79
19855.5,10393
19440.4,10435.8
18371.4,9253.85
17547,8240.17
16816.8,8294.38
16343.3,7977.54
15970.1,7983.45
15770.4,8035.11
16136.2,8589.57
16770.5,9788.4
16214.9,10105.7
15862.3,10973.4
15285.4,11027.9
15135,11094.2
14747.8,11192.7
15292,11981.1
15546.2,12543
16104.8,12670.3
15988.9,12940.4
15707.3,13022.3
15169.4,13035.9
14922.4,13512.7
16088,14639.9
16328.6,16228.4
15980.2,16495.2
17192,16968.7
17794.2,16158.7
17553.7,15241.8
18200.4,14846.1
18379.2,14727.6
18617.8,14083.4
18808.2,13538.3
18753.4,13375.4
18675.8,12833.8
18686.3,12744.7
18044,13141.8
17743.5,12645.3
17397.1,12687.6
17330.9,13933.1
16759.2,13167.7
17209.4,12718
17518.2,12109.6
17668.5,11173.9
17664.2,10875.5
18796.3,11709
19710.4,12575.7
19447,12713.7
19616,13446.8
19569.8,14133.2
19485.7,14128.9
19046,15416.4
18655.8,16132.1
19239.2,16300.2
19191.6,17831.2
19280,18075.5
18402.6,19751.1
17487.5,18990.3
16864.5,18698.8
16919.4,19621.8
16267.5,19688.8
16464.3,19122.4
16355.4,18801.6
15973.5,17715.3
15387.3,18218.6
15359.9,18664.9
15031.2,18192.7
14697.8,18529.9
13799.8,18681
13661.3,18226.3
13674,18106.6
13782.6,17774.8
14075.6,17888.9
14252,17658.1
13624,15898.9
14192.4,15731.6
14899.2,14906.8
14339.7,14512.6
14171.2,14846.4
13448.3,15198.9
13704.6,15483.4
13362.5,15766.5
13250.6,15537.5
12917.9,15407.2
11690.7,15986.7
11395.1,16379.1
11361.3,17200.8
11183.2,17811
11479,18215.7
12208.2,17792.9
12810.3,18397.7
12246.6,18722.7
12679.7,19703.6
12449,19648.5
11358,19244
11056.7,19003.4
10412,19275.4
10236.9,19878.8
9870.16,19162.4
9070.44,18301.4
8441.74,17901.2
8120.4,19244.5
6884.77,19081.5
6424.03,18904.6
5645.41,18729.1
5665.62,18837.3
5046.6,19356.2
4886.49,19344.2
4879.69,18833
4881.98,18397.5
4804.11,18081.5
4860.38,17755.3
4916.11,17611.7
5480.15,17912.7
6187.39,17463.7
6926.03,17104.2
5777.69,16782.4
4517.15,16968.9
4137.93,17525
3840.8,17411.1
2971.46,17155.6
2448.92,17621.4
2751.45,18300
2445.41,18748.8
2552.86,19873.6
2471.35,19793.7
1659.15,18705.2
1517.66,18335.6
1138.54,18832.1
149.268,19397.5
1073.12,18397.4
1227.32,18325.2
894.874,17828.8
1418.69,17540.5
1023.92,17424.7
298.308,17043.4
425.939,16211.1
149.282,16139.5
157.743,15725
533.351,14935.2
640.678,15266.1
1257.5,15668.2
1908.13,15273.9
2277.6,14852.6
2584.79,15591.4
2061.97,16269.7
2474.66,16657.3
2532.98,16542.9
3804.68,16781.7
5672.12,15854.4
5270.93,15506.4
5521.68,15200.6
5547.43,14409.6
5646.34,13924.3
5577.1,13687.9
4767.42,13857
4116.1,13175.6
4323.99,13853.2
4770.06,14223.1
4878.07,15134.6
4725.64,15716.4
3975.16,15562.9
3185.11,15068.2
3230.54,14903.1
2809.9,14389.3
2978.86,14034.9
2584.4,14099.8
2455.59,14086.9
2178.92,12512.1
1964.92,12736.4
1375.26,13690.3
176.231,13077.2
1101.94,12757.4
825.978,11690.3
2616.61,11721.9
3655.8,10828.6
2558.23,10524
1852.27,10718.3
1624.81,10891.8
1789.08,10390
2151.48,10398.4
2249.03,10361.3
2240.57,10023.5
1995.71,9643.45
1413.15,9586.26
1373.74,10213.2
1003.94,9974.88
864.127,10259
744.822,9963.56
141.071,9095.76
323.022,7899.83
1274.45,7740.61
1355.12,7100.45
2122.45,6930.91
1801.08,8330.25
2414.65,8544.31
3616.03,8191.2
3518.07,7206.35
2501.01,7448.32
2492.11,7294.31
2456.77,7068.18
2418.36,6257.2
2886.59,6211.11
3029.87,5796.97
3368.86,5713.6
2575.95,5393.66
2830.14,4907.52
2530.01,4775.48
2006.01,4369.66
1690.61,4905.31
1254.89,4780.31
551.146,4694.41
1203.92,4230.47
427.89,3067.38
1245.47,1945.48
1024.21,1088.54
1065.37,408.685
1395.99,814.901
1415.18,1043.28
1662.12,1163.72
2154.37,982.944
3106.92,1718.38
2722.98,2924.04
2851.54,3758.89
4052.31,4315.56
4280.9,4145.45
4651.37,4282.11
5031.27,4645.43
4637.61,5455.4
4362.82,5597.76
4876.05,6022.2
5050.74,5963.93
4693.2,6940.32
5574.55,7319.1
5815.48,8099.13
6401.04,7032.3
6495.63,6175.51
6086.17,5786.56
6047.65,5483.42
6258.58,5471.62
6774.63,5847.57
7192.74,5678.28
7552.89,4993.38
7682.69,4124.5
7933.25,4288.42
9028.06,3801.11
9302.26,3650.05
7402.21,3528.32
6032.95,3452.06
6844.6,1872.8
6705.89,1662.81
6229.48,2313.54
6117.25,2432.7
5517.02,2656.52
4922.24,2432.46
4611.71,1901.73
4461.86,1393.08
4186.36,1117.31
3812.15,1525.61
3614.45,1867.49
3605.9,295.776
5188.73,658.823
5518.8,243.567
6099.52,976.183
7412.33,120.216
8272.29,1007.17
9988.85,349.221
10179.5,502.99
10723.7,593.936
10227,1472.45
9597.2,1580.15
9679.61,2357.3
9599.31,2624.03
10604.3,2343.89
11000.3,2314.69
11136.2,1505.86
11528.6,1198.03
11903.1,1196.72
11809.9,400.326
12242.3,89.3863
12343.1,681.438
13098.4,381.157
13528.6,168.82
13622.7,850.235
13523,1010.3
13079.7,1673.42
12960.2,2124.92
13317.7,2289.24
13572.9,2519.02
13707.3,2598.42
13191.6,3077.43
12503,3347.76
12728.6,3495.65
13464.3,5049.15
12977.4,5211.78
12527.5,5002.19
12139,4209.71
12409.5,3785.03
11778.4,3412.91
11511.9,2760.76
11298.8,2956.2
11306.7,3587.54
11297.3,4243.22
11148.3,4293.91
11430.1,5379.34
11528.3,5610.63
11854.1,5867.36
11813.4,6309.15
12133.7,7603.44
11610,6702.72
11454.3,6649.74
10637.2,5374.46
10936.8,4758.93
10798.9,4732.17
10369.5,4583.82
10461.3,4230.39
9874.47,4354.56
9419.16,4922.42
9630.44,6067.35
9168.59,6046.17
8394.02,6274.39
8132.75,7189.6
9310.26,7566.44
9626.36,7436.45
9522.03,8533.09
9278.93,8173.2
8518.07,8084.57
8021.77,7414.9
7102.75,7181.87
6936.51,7681.32
7011.26,8509.11
7124.31,8721.83
8450.86,9582.7
8532.95,10003.2
8374.43,9963.94
7385.34,11134.4
6955.47,10246.2
6355.24,10409.3
6612.7,10009.5
6191.76,9636.06
5834.23,8980.07
5771.12,9300.96
5543.12,9792.7
5398.64,9821.66
5416.55,9876.85
4939.93,10340.2
4694.47,8666.44
4065.14,9654.72
3454.44,9700.63
3663.86,10156.4
4124.94,10145.4
4160.82,10301.5
4712.06,11269.3
4840.13,12050.3
5508.75,12365.1
6492.26,11918.5
7247.55,13345.3
7232.88,13839
6604.47,13839.2
6292.06,13884.9
6140.98,14117.6
6029.42,14296.7
6112.24,14378.6
6139.7,14549.5
5954.1,14801.8
6204.76,15172.8
6530.41,15269.3
6804.06,15184.9
7096.6,15562.8
7794.15,15890
8595.29,15277.4
8811.58,14698.1
9511.05,14155.2
9550.74,14335.4
9217.84,15479.9
9592.28,15571.8
9225.11,16163.2
9579.25,17045
9594.58,17302.7
10609.8,17084.8
10668.3,16902.8
10840.2,16649.6
10423.2,16353.6
11030.8,15810.9
11267.4,15133.2
10974,14742.8
10242.2,14371.9
10192.3,13358.7
11320.3,13374.6
11023.3,12760.1
11532.2,12223.5
12085.5,12499.1
12570.8,13363.7
13096,13898.4
13318.1,13730.7
13718.6,12512
14282,12716.4
14443.3,12422.5
13815.4,11837.2

