9500,1382.03
10464.5,1919.67
10895.6,1784.99
10212.2,743.52
10818.6,426.76
11609.6,869.419
11646,996.225
12197.7,1360.1
11778.1,1669.37
11683.5,1887.43
11972.7,2036.65
13193.6,1603.75
13982.6,1808.19
14752,2162.26
14815.3,1868.24
14582,1039.66
14481.9,54.3274
15384.1,1525.2
15708.1,2621.99
15728.7,3012.53
16024.9,2867.65
16542.1,2073.48
16496.5,1560.64
16652.2,1365.66
16829.2,387.422
17361.2,650.282
17609.3,614.695
17991.7,749.725
18912.5,666.94
18986.9,873.14
19771.4,1844.02
19022.5,2737.51
18464.3,2331.4
17928,2630.51
17687.6,2810.78
17790.6,2907.65
17773.6,3136.18
17462.9,3632
15588.7,4202.14
15253.4,4108.34
14272.8,4027.72
14655.8,4665.77
16913.5,4308.4
18983.5,4376.79
17995.7,5348.44
17591.5,5277.88
16738.8,5850.95
16346.9,5804.83
15631.5,6035.14
15388.2,6349.24
15319.3,6823.98
16168.2,7036.74
16485,6814.76
16873.8,6879.99
17188,7381.77
17841.3,6800.07
17934.9,7387.58
19125.8,7342.59
18762.6,8305.88
18969.1,9067.64
18863.4,9081.74
18920.3,9358.38
19057.8,9683.75
19615,8896.79
19465,9450.76
19530.4,10615.9
19589.1,10963.5
19685.8,12089.4
19858.5,12288.6
19881.8,12595.9
19638.2,12743.4
19148.7,11814.1
18731.3,11774.9
18649.4,12007.1
18174.1,11439.4
17480,12323.9
17427.4,12427.5
16764.7,11649.9
17344.8,11214.1
17680.3,10904.6
17382.6,10750.4
17562.1,10158.4
17134.7,8583.57
16979.9,8159.41
16687.2,7800.64
16242.8,7552.01
15961,8109.3
15251.8,8010.03
14472.2,6431.05
13529.1,6688.36
13177,6647.16
13005.6,6860.66
12769.6,6437.79
13016.3,5456.19
12316.1,4724.53
12503.4,4066.42
12637.7,4034.58
12857.7,4193.24
13383.6,4246.54
13069.7,3948.5
13148.8,3768.39
13345.8,3135.78
13156.2,2640.6
12626.8,2731.64
11197.3,3139.13
10365.8,3172.11
10172.9,4042.74
10210.3,4563.06
9728.1,4947.31
9492.88,4637.08
9423.99,4708.42
9020.36,4379.63
8749.84,3885.49
8755.49,5144.38
8869.49,5887.92
8734.5,6163.99
8323.6,6596.13
7486.72,6432.54
7283.53,6792.89
9056.62,7223.62
9143.77,7831.99
9326.89,8943.19
9587.85,7793.24
9339.27,6585.04
9177.88,6555.84
9148.54,6083.4
9787.42,5847.68
10206,5560.43
10570.7,5307.61
10589.9,4762.57
11577.7,4945.86
11325.3,5069.66
11284.7,5304.67
11111.2,5433.82
11368.3,6159.09
11057.2,6523.26
11750.8,6824.02
10794.8,7905.33
10755.5,8272.69
10841.8,8878.75
11034.9,9222.94
9906.44,9715.73
9557.97,11213.5
9897.08,11297.7
10223.6,11308
10360.9,11448.5
10518.6,11874.4
9846.62,12765.4
9816.9,12916.4
10459.1,12631.9
10979.3,13095.9
11318.3,13125.6
10940.9,12496.9
11026.6,11839.6
10701.4,11069.1
10664.1,10195.1
11048.7,9540.81
11759.5,9690.07
12767.2,9866.16
12771.8,9245.12
12600.7,9187.67
11692.8,8596.81
12373.1,8101.9
12644.6,8290.15
13723.8,8061.46
13965.8,8561.54
16043.3,9278.7
16377.8,9997.16
16146.6,10746.7
15260.3,11635.6
14620.5,10523.5
14752.4,9559.39
14543.8,9964.19
13451.3,10839.4
13234.1,11089.8
13000.9,10597.9
12127.3,11107
12724.1,11582
12660.7,11740.4
12262.8,11903.7
12320.3,12636.7
12192.7,12934.3
11988.3,13321.1
11254.1,13524.9
10092.5,14351.1
10595.9,15135.2
10760.2,15696
12123.5,14991.5
11718,14814.8
11458,14508.4
11873.2,14142.7
12164.6,13879.7
12330,13495.5
12839.3,13546
12965.2,13483.4
13074.5,13320.9
13478.5,14277.1
14284.4,14431.3
14549,15252.9
15481.5,15169.5
15775.7,15880.9
16453.5,15760.4
16539.1,15432.9
15674.5,14688.3
15248.7,14294.9
15036.6,14299.2
14774.2,14306.9
13274.7,12760.6
13511.6,12238
13984.9,12211.7
14518.4,12468.4
14405.2,12846
15591.4,13327.4
15854,14025
16528.5,13585.5
17502.5,13009.3
17621,13175.9
17806,13059.4
18371.3,13099.4
17744.2,13670.8
17354.7,13791.6
16747.3,13930.3
16711.8,14147.3
16919.2,14112
17285.5,14585.9
17356.2,14637
17769.9,14415.3
18174.4,14651.3
17865.8,15968.3
19490.8,14192.1
19967.7,14520.6
19786.1,14935.2
19361.3,14987.9
19031.5,15793.1
19949.1,17005.3
19067.4,17574
19865.8,18297.3
19557.2,19134.7
19987.8,19677.8
19901,19647.6
19507.3,19631.1
18651.4,18570.9
19202.4,18429.1
19040.3,17960.5
18664,17523.9
17990.5,16889
17276.4,17652.4
17153.1,17756.2
16649.4,17192.2
16898.2,17621.8
16989.9,18428.9
17079.2,18879.5
17229.3,19037.2
17190.5,19187.3
17252,19482.5
16759,19668.8
16232.8,19580.5
16331.2,18685.1
15544.2,18578.4
15262.7,18807
14979.6,16668
14746.1,16651.8
13951.8,16333
13936.9,16373.6
13005.8,16536.6
12184.3,16567.4
11603.9,16947.1
12621.4,17630.2
11971.2,17900.3
11912.7,18138.8
12144.8,18086.7
12250.9,18149.1
13210.2,18826.9
13395.8,19577.4
12641.2,19976
10995.5,19691.3
8275.52,19502.4
8476.25,19282.9
8426.56,18705.4
9051.45,18444.6
9173.37,18487.9
9279.51,18229.3
9994.62,17418
10316.4,17615.2
10527.3,17774.7
10487.3,17023.5
10028.9,16774.4
9425.86,16650.9
9295.31,16212.1
9383.42,15769.4
9118.3,15263.4
7865.56,14953.6
7249.52,15283.2
6859.1,15832.2
6592.95,16028.3
6187.88,16867.8
7476.43,16996.6
8259.32,16200
8973.75,17229.8
8390.23,17728
7411.95,18048.9
6968.15,18093.5
6712.13,18065.6
6677.71,18314.9
6085.1,18393.5
5728.07,18189.1
5676.38,18157.4
4976.82,17772.5
4903.91,15733.4
5790.17,15299.7
6933.31,14038.4
7671.5,13621.9
8484.36,13502
8356.46,12116.5
7524.4,11417.4
7415.65,10788.3
7167.6,10501.4
7373.47,9780.71
8150.79,10060.8
8290.33,9156.59
7851.11,8993.19
7158.69,9577.31
6208.64,9240.01
6769.82,9949.5
6415,10994.1
6859.15,11859.8
7407.53,12108.7
7025.01,12670.2
6446.51,12980.4
5445.66,13052.3
4735.91,13357.8
4850.66,12817.9
4960.95,12534.4
3954.1,12316.2
4053.27,11903.1
5090.96,11516.5
4763.89,11185
4540.56,10905.5
4266.1,11323.5
3592.49,11397.6
3838.62,10725.2
3585.4,10409.6
3143.12,10589.5
3060.82,10344.1
3420.31,9962.31
3962.02,10072.8
3987.91,10028.7
4640.41,9307.05
3929.69,8872.33
4202.32,8801.25
4563.71,8829.1
5044.36,8294.65
5180.34,8169.79
6306.38,8264.82
6930.63,8078.89
7065.59,7758.64
6569.03,7634.69
6258.51,6702.29
5544.63,7147.39
5196.07,6923
4632.05,7159.41
4317.19,7570.49
3999.91,8002.7
3753.35,8323.99
3157.23,8487.19
2407.61,9118.17
2302.74,10222.8
2277.7,10296.6
1985.46,10114.5
1608.86,10345.9
1828.29,11360.8
2412.15,12222.7
2452.92,12425.3
3081.43,12964.9
3062.6,13166.4
2830.38,14293.2
3365.96,14301.5
3792.87,14245.5
4017.8,14728.3
3565.03,14745.6
2990.87,15746.4
2787.97,15881.4
3331.83,16516.9
3026.83,16524.6
1554.82,17064.9
1489.37,17397.4
1828.59,17696.5
2379.7,18240.6
2866.15,18112.2
3103.56,18268
4430.47,18642.2
3949.67,19099.5
3601.64,19281.5
3530.63,18724.6
2335.1,19440.5
2403.87,19693.4
1306.82,19548.4
628.159,19815
671.99,19693
195.22,18632.6
819.641,17897.3
282.01,16962.8
637.048,16584.3
654.668,16528.5
503.747,16448.9
280.902,15187.6
318.322,15201.7
495.496,15293.3
1039.24,15598.7
1435.21,15586.5
1258.92,15324.1
1685.21,15144.7
747.964,14258.2
1084.67,13594.7
453.92,11573.2
587.693,11120.7
1263.43,10772
1488.64,9859.33
928.065,9486.71
1375.21,9106.99
1604.99,7715.41
238.116,8180.35
52.1888,7819.61
164.588,7302.89
608.976,6909.1
1127.32,7144.3
1200.82,7032.45
1305.51,6861.08
1477.75,6336.74
1796.24,7125.5
2017.07,6995.66
3350.58,7268.44
4167.51,6831.93
3922.04,5649.88
5189.6,5224.37
5183.58,5063.45
6527.49,4369.05
7793.71,4037.5
8272.16,2971.45
8610.09,2959.92
8719.59,2734.53
8126.09,2289.76
7930.38,1405.2
7574.02,1147.2
6745.86,2203.08
6365.14,1687.53
5822.04,2078.63
4663.98,1946.46
4497.1,2400.17
3911.88,2483.39
4215.23,3049.82
4480.14,3196.91
4718.31,3447.7
5088.54,3503.29
4114.87,3853.66
3813.29,3404.39
3560.93,3815.72
3199.56,3470.28
3217.43,2813.04
2332.16,3461.65
2633.15,4308.28
2534.53,4453.02
3162.03,4534.1
2894.73,5832.04
2911.81,5973.92
2591.38,5609.25
2140.62,5644.32
2157.03,5363.63
1667.36,5419.96
434.065,5522.33
583.698,3602.9
345.633,2631.9
1029.06,2891.76
914.078,2575.85
899.538,2017.77
685.895,1674.7
143.901,1512.06
135.081,1089.18
8.6795,642.582
654.542,432.815
1615.36,1652.28
1833.69,2160.41
2225.8,1300.3
2574.76,328.725
2916.85,226.488
2896.58,653.761
2696.42,1236.47
3206.39,1828.77
3354.03,1256.75
3392.53,750.927
3569.02,742.316
3996.33,632.309
3764.99,92.0205
5325.19,107.207
6474.69,599.647
6693.74,68.9904
7655.35,399.113
8123.86,500.641
8561.21,505.355
9282.29,1043.95

