1127.2,2398.1
502.576,2035.33
1009.82,1531.32
619.044,1438.1
550.377,1546.18
390.297,1718.3
305.613,1437.99
444.234,932.255
1606.45,894.845
2013.1,2228.55
2156.38,2306.06
2764.42,2447.33
2681.04,2816.81
3811.95,3150.75
2884.55,1614.7
3110.82,1065.21
3613.96,1197.3
3937.44,1373.19
4186.91,287.567
4822.59,840.314
4861.17,1228.62
4612.57,1666.38
4612.32,1817.38
5786.41,3424.41
4158.72,3433.73
3106.09,4383.57
2127.19,3920.74
1749.11,4462.82
2041.59,4723.87
2642.06,4847.63
3122.31,5271.6
3367.25,5518.81
3331.84,6132.63
4142.35,6266.46
4256.99,6507.55
4352.78,6194.54
4319.12,5986.21
4389.61,5267.44
5321.92,6029.77
5965.83,6227.76
6641.07,5921.26
6802.49,5894.35
6740.08,5618.86
6885.22,5458.31
7479.04,5554.87
6647.92,4874.89
5688.87,5069.81
5704.26,4555.4
5973.69,3993.16
6297.52,3483.29
7218.24,2918.57
8382.26,2920.35
7995.28,2496.81
6906.35,438.321
7146.62,426.62
7241.72,111.166
7414.18,322.392
7621.58,402.357
8076.38,424.611
8526.74,526.297
8972.49,563.892
8917.59,1592.45
9349.39,1577.64
9484.39,2369.62
8544.28,3627.74
9422.23,4754.83
9422.64,4758.07
9951.4,4977.26
10154.2,5462.77
10707.6,5256.06
11227.6,5036.7
10282.5,4588.83
10152.6,4591.35
10011.7,4341.63
10458.8,3550.3
10375.3,2341.56
10682.4,2211.83
11521.6,2571.5
10941.3,1278.83
10928.5,778.963
11717.1,1273.31
12065.5,1534.95
12547.7,1404.79
12572.7,1693.75
12498.8,2259.95
13025.5,2592.78
13155.1,2052.67
13672.4,2417.82
14377.9,2522.98
14498.3,2565.47
14846.4,2953.53
15209.9,2327.63
15283,2360.34
16041.1,1594.02
15744.5,1458.34
14923.2,1243.44
14470.2,1461.84
13665.5,526.208
14494.4,554.93
15795.1,476.097
16825.2,163.642
17623,16.609
17751.4,626.895
18640.9,668.355
19610.4,1026.12
18763.3,2039.8
18592.7,2192.06
17478.2,2501.63
16937.9,2716.31
16850.9,2992.21
19873.6,2735.09
19574.5,3663.85
18908.3,3656.78
18267.5,3827.34
18373.5,3921.18
18189.2,4556.39
17815.5,5004.04
17247.2,4847.7
16905.4,4078.86
16812.4,3897.58
16522,3448.66
16236.5,3531.78
16175.3,3471.9
15815.6,3821.37
15733.2,5073.13
15841.1,5627.78
14477.2,6003.27
15098.7,6211.7
15398.6,6353.72
15426.4,7168.65
15984.7,7225.68
16665.2,7938.25
16118.4,8430.51
15975.6,8906.17
15898.4,9529.82
16149.9,10634.3
18034.7,10236.7
18734.5,10276.2
18189.3,9505.61
18476.4,8806.28
18568.8,8729.27
18111.9,7668.81
17877.5,7472.44
16820.2,6221.68
16716.5,6104.16
17698.1,6498.03
18760.4,7008.64
19720.9,6581.51
19421.1,7033.79
18975,7815.01
19046.1,8021.17
19892.2,7972.98
19384,10466.2
18946.6,10981.1
19439.1,11339.4
19482.9,11105.9
19542.3,11133.6
19813.1,11138.5
19564.7,12591.1
19864.3,12856.5
19760.1,13157.9
19576.9,13475.8
18691.6,13211.7
19496,14383.6
19845.2,14407.8
19089.1,15775.5
19927.8,17079.5
19624.7,17256.9
18735.9,17706
18672,18045.7
19181.3,18501.5
18710.2,19159.2
18639,19246.2
18178.9,18461
17976.7,17438.8
17269.1,17497.5
17572.7,17053.9
17572.8,16959.3
18183.7,16943.8
18122.8,16852.6
17805.6,15975.1
18027.7,15515.3
18078.6,14878.3
18052.2,14493.1
17753.5,14088.5
17319.1,13382.5
18155.6,11917.8
18429.4,11367.2
18136.3,11122.8
16707.2,11458.8
16927.4,12326
16019.9,12071.6
15330.2,12176
15323.9,12178.9
15046.3,12114
14589.3,11778.5
14512.1,11751.4
14712.8,13213.8
15170.2,13330
15673.6,13341.1
15861.3,12907.1
15895.9,12822.9
16230.1,13646.2
16345.8,13907.1
16155.9,13864.9
15923,14177.8
15858.2,14513.6
16300.6,14535.9
17047.7,15215.7
16594.7,15719.9
15951.5,17321.8
16344.4,17663.8
15293.2,17901.3
15319.9,18063.5
14500.6,18205.3
14856.5,18651
15189.2,19156.1
16294.8,18840.9
16553.8,19519.7
15800.1,19495.9
14420.8,19730
13264.1,19387.6
12784.1,19436.9
12686.5,19062
13534.9,18674.4
13956.3,17662.3
14384.2,17243.7
14716.3,16849.5
14829.3,15199.5
15245.9,14582.5
14705.1,14652
14123.7,15072
13448.7,16002.5
12892.6,16785.7
11217.5,16819.9
11225.9,17005.5
11089.2,17772.5
11107.5,17868.6
11212.8,17858.4
11750.9,17716.5
11839.7,18317.4
10730.2,19285.1
10783.4,19413.2
10015.3,19603.7
8948.22,19004.4
8416.17,18452.5
8021.71,18131.1
8564.9,17838.2
8386.63,16729.5
8876.84,16747.5
8686.35,15740.5
10148.7,16622.7
10895.9,15957
10101.9,15389.1
9867.06,15140.7
10905.7,15064.7
11501.7,15486.2
11546.2,15739.1
11936.9,15474.9
12096.5,15253.6
12514.5,14769
14055.6,13156.7
13684.9,12889.6
13745.3,12387.2
13515.8,12124.7
12853.1,12031.3
12350.8,11643.5
12189.3,12339.5
12581.1,12792.5
12865.5,12699.8
12831.3,13198.1
12306.5,13245.3
12215.1,13381
12348,13793.5
11170.5,14786.5
10746.2,14697.7
10143.2,14417.5
9058.64,15013
7997.11,14951.5
7319.98,16053
7089.54,16268.5
7381.5,16655.9
7071.99,17079.5
6779.85,17546.3
5830.81,17023.2
5964.63,18344.4
7744.21,19460.3
7524.4,19880
6324.14,19357.9
5605.89,19124.5
5550.57,19612.3
5408.08,19488.2
4996.75,18652.4
4263.22,18030.7
4104.79,18120
3315.56,19487.7
3363.64,19635.5
2665.56,19813.1
2038.29,19065.3
868.81,19566
882.171,19884.7
259.363,19604.4
417.256,18983
1104.67,18759.6
1743.52,18529.5
1784.63,18379
1587.72,18214.2
2692.88,17457.8
3086.55,17521.1
2989.94,17214.8
2991.1,16536.4
3352.69,16567.8
3200.59,16298.8
1315.89,16788
122.297,17469.6
262.226,16813.9
358.501,15436.3
1703.8,15904.7
1985.97,15676.9
3007.49,15488
3447.44,15207.1
3609.7,15181.6
4776.52,16631.9
5329.61,15736.5
5946.9,15368
6622.46,14315.5
6860.34,13562.9
6945.49,13372.1
7263.16,12789.5
6721.76,13045.6
6283.38,12960.3
5765.48,14018.7
5790.8,14298.1
5249.2,14538.5
4615.27,14893.8
4059.11,14117.5
4479.77,13792.9
3805.27,13175.5
4109.08,12897.6
5027.68,12842.9
5245.96,12717.5
5661.62,12525.2
6063.99,11630.3
4996.63,11761.1
4674.93,11371.1
4849.33,10912.1
6080.71,11096.7
5910.69,10722.4
6648.62,9807.81
7536.31,10173.5
8385.86,10759.7
9468.07,10759.9
9090.88,10906.1
8758.54,11242.9
8487.74,11535.3
8607.92,12037.9
8187.55,12224.2
7925.73,12568.5
8018.76,12864.5
8323.15,12663.4
8390.01,13305.2
8718.74,14092.9
8899.66,13821.7
9671.27,13469.6
9965.2,12958.6
10096.5,13044.1
10801.3,13451.9
10917.4,13475
11465.3,12765.7
11458.4,12191.1
11399.8,11365.4
11774.1,10617.8
11135.9,10350.2
10610.7,10728.3
10017.9,9765.79
9877.87,9131.22
9819.95,8773.5
9711.57,8741.87
9263.11,9205.17
8682.01,9625.92
9422.12,8789.29
9762.38,8300.6
10981,9080.01
11449,8550.71
12239.1,8188.03
12601.4,8733.03
12270.4,9083.45
12521.6,9952.47
12758.1,10408.5
13428.6,10706
14279.5,10837.8
14544.8,10587.1
13980.8,10242
14664.8,9830.78
14125.3,9680.15
13303.3,9428.01
13011.3,8342.63
13550.1,7503.97
14826.1,8248.64
15013,8410.49
14330.3,7412.25
14111.6,7161.36
13813.3,5849.97
13388.1,5314.26
13384.5,4695.23
13568.3,4458.18
13686.9,4182.06
14479.6,3427.04
13430.4,3607.62
13399.5,3737.61
12685.1,3625.25
12573.9,4114.83
12692.1,4932.07
12246.9,4642.92
11884.9,4001.59
11885.9,4415.06
11784.8,4944
11681.8,5283.63
12340.7,5980.36
12395.5,6265.61
12232.7,6252.04
11835.7,6363.73
11204,5867.73
10956,6803.28
10567.8,6434.09
10098.8,6645.2
9560.25,7487.17
9333.97,6630.57
8659.54,6757.66
7508.7,7288.86
6990.11,6970.53
6478.84,7149.56
6473.31,7459.58
6629.84,7843.65
7499.74,8109.17
8144.88,8090.2
7737.69,8358.78
7123.68,8827.02
6517.78,8885.01
6147.82,8130.7
5223.96,7391.04
4926.88,8079.78
5286.2,8244.13
5254.9,9051.22
4989.58,10119.3
3637.36,10173
3451.05,10562.6
2944.2,9608.61
2966.19,8738.11
3454.94,7686.45
3045.68,7884.23
2757.98,8062.7
1831.13,7893.72
1376.26,8106.41
1824.02,8523.97
1623.22,9030.74
1799.65,9142.49
1840.52,9268.91
1801.6,9732.18
2111.03,10661.9
2336.58,11153.5
1669.4,11824.4
2018.39,12208.7
2388.47,12676
2399.94,14032.9
1952.23,14460.9
1217.88,14494.6
787.819,14260.2
904.243,14193.4
1313.48,13457.8
912.16,13217
687.93,12401.1
20.8009,10932.4
56.5733,10515.9
324.357,10220.1
105.852,10037.8
77.2185,9888.6
1017.38,9568.49
1188.13,9496.02
490.136,8370.21
93.5735,7993.28
3.8953,7490.83
248.19,6201.22
579.283,6285.95
727.762,6711.82
1068.25,7192.21
1314.23,7510.34
3055.18,6736.79
2721.87,6553.78
2703.5,6259.05
2138.56,6216.31
1749.28,6033.5
688.412,5674.05
338.983,4579.85
333.923,4467.88
530.427,4122.93
1104.43,4308.78
892.975,3285.98
141.851,2919
1134.37,2453.26

