19105.7,2834.21
19032.3,3834.45
19228.8,4075.31
18752.1,4245.42
17929.6,3853.4
17696.5,3905.73
17883.8,4266.3
18381.3,5230.14
18565.1,5627.44
19881,7007.4
19877.5,8068.55
19481.5,9955.89
19271.8,10754.9
18387,10243.5
18498.4,9862.06
18121.5,8717.83
17779.3,8530.47
17954.9,8050.92
18089.7,7687.84
18428,7908.21
18814.4,7526.11
18316.5,7262.41
17904.6,6950.84
17664,6737.71
17518.5,7439.55
17347.3,7686.04
16605.3,7846.74
16726.3,6976.18
15875.4,6453.08
15371.2,6772.64
15258.9,6771.99
15002.6,6200.04
14611.3,6287.97
14774.3,5665.81
15586.3,5623.75
16696.3,5848.97
17531.9,5654.11
17759.7,5457.37
16236.3,4715.63
16155.9,4220.32
14698.7,3119.09
14915.3,4014.76
14786.2,4808.94
13544.4,4572.87
13480.2,4421.43
12553.2,4274.97
12392.8,4495.74
11951.3,4528.33
11364.9,4779.2
11246,5251.3
10990.5,5294.7
11567.4,6365.73
12330.4,6500.63
12842.8,6610.25
13006.3,6164.05
13413.9,6149.69
13766.6,5703.91
13693.1,6767.97
12906.5,7099.89
12672.8,7704.25
12265,9354.35
13004.6,8988.55
13686.9,8658.53
14018.4,9367.17
13576.3,10121.2
13995,9815.05
14717.1,9750.86
15690.3,8985.09
17110.9,9923.22
17319.1,10519.1
16872.6,10702.1
16811.8,11581.7
16124.4,11659.5
16209.8,11733.1
16669.1,12622.4
17222,12744.5
18036.5,11452.2
18490,11549.4
18879.7,11554.8
18495.6,12101.9
19101.1,12651.8
19922.9,12495.9
19884.3,12882.6
19791.9,14167.4
19367.6,14277.1
19246.7,14155.8
18968.5,13950.9
18877,13597.1
18641.4,13742.4
18157.4,13084.4
18147.8,13424.5
18072.5,13471.4
17910.9,13758.1
17518.4,13568.2
17605.9,13884
16890.5,15070.7
17712.2,14719.7
18697.4,15507.3
18126.3,16208.5
17981.6,16295.8
17586.6,16114.7
17936.3,16827.7
18456.7,16667.2
19727.2,16486.1
19433.1,16680.3
18669.6,17592.5
18063.7,18343.5
18668.3,18713.4
18949,18706.3
19503.1,18642.7
19433.4,18854.5
19009,19010
18611.6,19767
17516,18641.9
17194.3,18909.2
15914.1,17417.1
15522.6,17463.1
15496.2,17496.4
14785.4,18285.6
15094.8,18636.6
15578.1,18828.7
15291.5,19976.2
14570,19667.3
14868.4,19154.1
14437.4,18927.8
14271.3,18914.1
14293,18129.1
13891.2,17799.5
13085.8,17737.1
12598.7,17907.4
13039.7,18362.5
13578.7,18425
13098.4,18719.6
13288.6,19654.4
13094,19750.3
12485.1,19107
11781.7,18994
11665.5,18804.9
11648.6,19246.7
11292.9,19969.8
11026.2,18815.6
10817.9,18635.5
11859.3,18182.5
11874.5,16794.9
12569.7,17175.5
13604.4,16956.2
14062.8,17122.6
14320.5,17178.4
14787.3,15729.6
14988,15471.6
15555.6,14903.8
15442.7,14519.8
16160.7,14024.1
15128.5,12463.7
13510.6,10983.4
13208.7,11685.2
13735.5,11740.5
13866.5,12435.7
13802.9,13134.5
14149.1,13661.2
13877.9,13944.5
14363.6,14785.7
14191,15352.1
12900.7,14503.2
12901.8,14285.8
11932,14945.1
10436.1,14450.5
11086.4,13746.6
10679.9,13605.9
10146.4,13249.8
10072.9,12680.8
10545.4,12721.7
10635.8,12777.7
11013.3,12660.9
11368.5,12281.8
11128.1,11744
11471.3,10894.5
11030.9,10587.1
11094.4,10063
11155.2,10044.1
11115.2,8707.83
10632.2,8415.22
10386.2,8191.13
11130.8,7884.24
11022.6,7295.25
10103.2,7649.62
9676.87,7444.97
10015.7,6432.09
9541.26,5943.01
9092.78,5867.87
9181,5169.17
9484.85,5140.41
10039.6,5554.48
10215.9,5743.79
10505.3,4892.27
10188.4,4729.74
9748.26,4684.39
9768.39,4559.31
10622,3472
10603.2,3200.99
9372.07,3399.18
9683.67,2442.57
10497,1646.21
10263.1,1235.71
9733.94,1304.35
8536.1,2692.03
7950.06,2936.58
6998.47,3148.48
7136.57,3381.85
6847.24,3830.37
6163.39,3890.21
6123.6,4941.99
7097.62,5621.32
7732.15,4816.67
7922.53,4943.26
8209.96,5532.36
7963.16,6800.92
7935.49,7734.53
8506.65,7906.25
9922.38,8857.54
9727.13,9066.36
9812.43,10367.1
9301.88,10936.6
9070.27,9948.17
8688.01,10437.3
8576.16,10995.7
8602.57,11359.7
9993.23,11429.8
10018.1,11768.1
9948.78,11824.7
9367.62,12658.2
9413.94,13484.5
9461.41,14303
8985.97,13266.1
8324.1,12110.3
7124.63,12159.6
7841.65,12648.1
7773.83,12815
8063.7,12848.3
7408.38,13850.1
7179.3,13918.5
7046.56,14057.9
6774.87,14222.3
6907.73,14535.8
7319.48,14953.6
7597.84,15035.9
7609.16,15182.3
7494.97,15761.4
6082.96,16117.2
6322.72,15198
6231.49,14458.7
6018.16,13608.4
4972.76,14680.3
4923.24,15630.8
4757.87,16459.5
4344.9,16344.7
3446.67,16226.6
4005.63,15283.9
3952.89,15240.2
2697.02,15084
2086.67,15922.9
2262.63,16298.7
3340.51,17495.5
4020.91,17137
5002.72,17186.7
4910.54,17892.8
5519.63,18321.5
5639.22,17066
5994.68,17334.5
6384.35,17314
6734.69,18294.3
8581,15901.8
8594.78,15574.8
9790.04,15419.1
9894.71,15533.1
9758.64,16385
9551.98,16506.5
9098.93,16708.9
8708.39,17587.1
8553.3,17720.9
8805.98,18060.3
8396.95,18385.3
9350.26,19713.3
7606.76,18692.2
7435.6,19608.6
6796,19526
6276.55,19336.6
5745.28,19405.4
4851.83,19380.2
4009.86,19658.9
4016.76,19171
3793.7,18876.3
4037.98,18485.9
3342.26,18521
3114.74,19717.5
2487.37,18720.5
2253.31,18879
1869.39,18945.5
1458.19,19254.8
305.02,19320.2
242.301,19348.7
81.9156,19389
137.579,19177
312.896,18529.3
263.341,18366
659.416,17724.3
1477.92,16740.5
17.944,16606.6
204.411,15718.2
6.8808,15405.8
404.545,15404.2
1143.92,14805.5
340.461,14391.1
235.275,14419
162.594,14374.1
623.59,14157.5
994.086,14234.8
1924.09,14264.1
1563.19,13946.6
1120.9,13543.9
1092.12,13565.5
45.9962,12990.9
991.307,11733.9
87.702,11534.7
153.898,10712.2
213.537,10623.1
831.475,10341.8
594.86,9950.2
259.921,9994.57
545.651,9600.95
642.456,9406.28
642.174,8766
9.1464,8513.44
583.42,7113.59
530.426,6286.79
585.001,5884.83
1700.05,5281.99
1973.29,5156.23
1783.85,4533.81
634.331,3528.22
96.465,2167.86
422.226,1553.17
1083.95,932.122
2290.42,351.297
2777.17,285.394
2513.01,1451.25
2833.78,1271.42
3185.36,1453.85
3168.26,1197.7
4135.67,175.469
4073.04,501.158
4501.66,1359.05
4618.95,1706.88
4338.03,1918.75
3943.14,3088.17
2932.14,3222.98
2641.36,3466.38
2053.03,2947.59
2077.3,2925.84
2070.4,2787.24
1663.14,1640.52
1648.59,1718.56
1639.97,1909.52
1255.28,2406.9
776.08,2635.17
2841.85,4777.77
3188.44,4774.04
3196.89,5009.38
2788.81,5633.88
2092.42,6447.74
2452.99,6897.29
2041.76,7349
2282.8,7453.13
1913.51,8248.34
2582.11,8122.39
3002.23,7815.08
3143.05,8184.59
2552.31,8502.01
2469.23,8574.33
1922.21,9184.9
3066.59,9473.7
3269.98,8938.15
3543.49,9353.04
3460.17,10337.2
3574.13,10428.1
3952.56,10606.7
4216.44,11341
3700.35,11869.9
3897.13,12663.6
3661.99,12798.3
3509.59,12698.8
2705.6,12795.6
2536.93,11673.4
2746.44,11356.2
2169.88,11462.6
1818.55,11603.7
1835.3,12060.6
2005.52,12550.7
1920.7,12701.5
2110.7,13437.3
3434.06,13193.9
4190.95,14474.6
4359.16,14015.9
4130.47,13545.8
4698.35,12781.1
5202.95,12397.1
5260.71,11573.5
5204.42,10979.7
5424.37,11504.2
6398.65,12470.5
6960.23,11815.7
7140.67,11105.4
7745.95,10334.6
7258.22,10168.5
7113.9,10000.1
6821.47,9675.68
6552.12,10135.6
6218.48,10238.5
5847.63,10052.8
6103.67,9908.85
6319.9,9209.49
6590.71,9161.46
6960.37,8713.22
6638.27,8650.18
6035.3,8916.53
4840.51,9287.56
4377.5,8580.4
4281.73,8260.03
4445.05,7929.48
4889.45,8155.09
5003.34,7757.3
5823.02,7903.77
6060.3,7089.85
5779.26,7072.75
5559.6,6934.21
4038.06,6900.79
3979.01,7302.94
3535.78,7209.24
3986.25,5858.35
5100.04,5204.28
5443.26,4643.84
4645.14,4301.73
4554.34,4128.26
4637.58,3768.09
4875.3,3280.51
5685.59,2893.09
5323.11,2440.67
5244.57,2444.23
5239.54,2123.07
6061.9,1828.88
6397.47,2285.76
6406.59,2820.18
8009.95,2064.32
8364.72,1292.88
8328.06,1007.54
9320.47,882.112
10498.5,51.9436
10965.2,328.178
10599.1,816.146
10994.8,1065.86
10938.3,1132.42
11075.8,1453.38
11120.3,1659.99
11511.1,1475.04
11871.8,1752.07
12485.1,1982.73
11918.2,2724.47
11802.5,3018.55
12077.2,3450.95
12908,3027.46
13040.6,3069.55
14139.5,2919.66
14380.6,2783.67
14273.7,2246.06
14655.4,2554.53
14629.7,2384.18
14963.7,2076.43
14298.1,1755.18
14276.6,1067.45
13158.4,1336.83
12770.7,874.704
14264.8,479.526
15872,1219.48
16472.6,1322.4
16296.1,1721.63
16111.7,1959.19
16461.5,1954.22
16674.8,2453.64
17909.1,2091.93
17251.1,1409.59
17154.1,998.618
17186.8,318.189
19928.2,116.672
19748.5,371.163
18841.2,1087.93
19134.5,1337.6
19308.1,1507.22
19824.1,1812.31
19580.6,1987.93
18994.8,2207.7

