3045.41,7454.25
2397.95,7802.67
1540.97,7948.75
217.237,8170.45
490.65,7569.22
545.352,7289.41
229.824,6806.04
634.432,6308.19
631.274,5791.94
400.016,5558.46
391.961,5512.92
688.151,4741.76
1278.5,5369.24
2136.82,5012.26
2324.6,5496.52
1504.09,6615.11
2177.65,6649.1
3268.61,5935.89
3685.01,5424.01
4336.41,5161.45
5212.58,5572.1
4138.44,6336.94
5062.96,6417.49
5129.43,6592.39
4836.46,7688.04
5392.15,7701.31
6121.68,7173.87
6836.73,7243.65
6921.94,7050.83
7002.69,6846.65
7087.4,6649.91
8420.52,7008.73
7889.15,7428.78
6263.16,8297.44
5273.15,8855.03
4775.86,9162.71
5633.63,9622.74
6278.22,9430.84
6579.04,8989.07
6979.19,8927.77
7339.29,8821.35
7119.62,9528.89
8569.15,9279.53
8637.86,10009.5
8961.75,10318.3
9111.28,10387.5
9509.08,10991.6
9416.21,10450.7
9279.54,9815.43
10467.2,9239.7
10523.7,8305.86
10325.5,7591.16
10877.1,7160.95
11010.5,6573.8
10009.5,6759.09
8913.57,6487.85
9046.18,5887.63
9592.42,5403.51
9868.15,4980.62
10544.8,4447.25
10733.4,4272.04
11027.8,3854.74
11509.4,3887.93
11412.4,3671.55
11488.1,3416.13
11856.6,2608.91
12277.4,2307.54
12389.1,2281.12
12010.6,2053.27
11626.1,1781.32
10809,2221.73
10010.4,2996.21
9943.86,3574.3
8960.18,2967.16
7929.97,3600.8
7663.66,3318.77
7032.11,3688.46
7943.1,4111.03
7791.49,4588.84
8542.63,5241.11
8145.81,5881.57
7662.64,5826.77
7205.89,5425.03
6911.56,5464.41
6203.83,4567.64
5922.93,4645.3
5519.54,5051.22
5453.71,4736.02
5566.59,3921.42
4723.44,3939.89
4315.19,4249.22
4528.12,3558.39
4806.53,3146.31
5375.97,3035.44
5756.1,3232.27
6204.42,2962.15
6135.6,2939.79
5775.56,2400.44
5253.26,2135.6
4502.87,2226.18
3730.15,2627.83
2915.11,2386.23
2817.87,2403.83
3066.02,3217.89
3592.68,3544.14
2805.37,3663.26
3064.72,4084.2
2911.43,4137.52
2635.18,4122.1
2093.28,3999.72
1145.65,4351.28
441.666,3664.41
501.33,2340.43
306.317,2024.21
1300.75,2047.24
1610.01,1798.31
1069.01,1613.47
584.587,1207.73
779.445,525.993
1326.44,32.5115
1738.28,263.259
3423.84,219.505
3128.85,938.489
3733.92,1147.12
4455.18,1081.75
5107.34,1324.04
5672.82,780.895
5873.66,1541.15
6406.67,1537.97
6879.29,1374.64
7252.06,298.674
7559.81,256.7
8814.19,562.576
8128.95,1603.14
7533.14,2102.01
8381.77,1654.13
8809.46,1674.39
8935.54,1970.95
10041.8,681.438
10247.7,578.636
11952.3,615.102
11987.9,261.48
12239.9,284.976
12820.4,285.54
12775.9,561.519
13281.9,1450.2
12888.3,2799.94
13335.3,3251.22
12424.5,3357.61
12818.7,4092.03
12625.2,4636.89
14546.6,4266.27
16485.3,5142.1
16714.3,5013.44
17880.8,4328.74
18708.1,4515.92
18894.7,4289.41
16949.4,2872.33
16283.2,2300.9
15871.5,2820.03
15919.3,3064.2
15011.9,2612.01
14489,1851.6
15158,1632.29
14676.8,382.407
16445.4,334.018
17412.6,248.793
17461.5,1057.81
18309.9,341.338
18711.2,99.504
18991,283.213
18880.4,852.805
18887.9,1489.37
18191.7,1673.46
18619.4,2260.14
19139.6,2417.05
19088,2465.75
18975.1,2846.98
18722.2,3112.59
19200.6,4123.47
19473.7,5277.54
19552.1,6262.22
19591.8,6502.51
19159.8,6919.05
19610.6,7222.15
19571.5,7412.49
19603.9,7437.2
18708,8543.93
19061.2,8939.97
19137.9,8983.83
18928.6,9061.83
18849,9237.72
18802.4,9244.03
18484.5,8969.62
17977.5,8420.71
17539.3,8571.5
16814.3,7727.79
17514.9,7652.27
17464,7405.93
17417.2,7001.41
16921.4,6429.59
16505.2,6027.82
15979.9,5761.93
15180.9,6275.18
14690.6,5475.76
14336,5632.39
13613,5815.49
12719.8,5250.14
12551.3,5214.03
11695.5,5099.69
11573,5052.07
11496.4,5547.38
11740.3,5816.03
11956.5,5677.56
12428.2,6069.63
12865.8,6310
12391.8,6969.62
12404.8,7391.2
11882.5,7212.54
11709.1,7344.28
11219.2,7876.55
11103.2,8286.02
12165.9,8589.69
12505.1,8734.17
11939.8,9570.01
11574.7,9844.45
12407.5,10615
12443.6,11069
12815.6,11151.1
13067.3,10926.5
12856.5,10430.3
13221.6,10564.4
13940.5,11325.4
13929.3,10952.4
14322.4,10543.8
14747,10351.1
14048.2,10448.1
13886.1,10125.3
14117.4,9949.94
13235.7,9437.94
13197.6,8395.29
13404.1,7850.92
13449.7,7845.37
13690.9,7457.73
14244,7192.32
14892.9,8000.08
15462.1,8168.47
15689.9,8420.73
16265.5,9287.61
16066.5,10057
15848.3,10301.2
16746.8,10511.3
16844.5,9916.8
17753.5,9657.9
18753.1,9870.75
19022.6,9701.78
19507.5,9900.73
19770.3,9590.55
19858.4,10415.9
19570.5,10454.2
18871.8,10134.4
18213.7,10091.7
17937.6,10263.5
18106,10618.5
17863,10879.8
17639.2,11288.8
18501,11825.4
18378,12498
16036.2,11255.1
15727.4,12101.3
15748.1,12641.2
15990.5,12602.1
16442,12297
17007.4,13032.9
17041.8,13392.5
17012.3,13713.4
16574,13662.7
16680,13959.7
16006.9,14510.6
16176.1,15003.2
16374.4,15822.4
16696.3,15468
16766.6,15017.5
17267.9,14697
17795.1,15609.3
17663.7,15655.2
17536.2,15791.7
17740.9,15958.3
18263.4,15812.4
18461.6,15439.5
18476.2,15392.5
18502.3,14582.9
17899.1,13726.8
18183.5,13666.6
18217.2,13402
19077.7,13422.4
19039.9,13781.2
19278.1,13726.3
19761.3,14441
19934.9,14947
19978,15482.6
19121.1,16960.4
19274.4,17153.3
18380.9,17519.4
17785.5,17814.8
19251.5,18803.7
19480.2,19539.3
18854.7,19147.4
18741.1,19295.4
18047.6,19802.3
17509.5,18187
17207.9,18056.5
16641.6,17364.3
16123.1,17829.6
15822.3,17901.9
16165.3,18847.7
16031.8,19007.1
15216.5,18670.9
14824.5,18247.1
14966.7,15878
14333.7,15493
14826.8,15222.3
14899.3,14572.7
13895.2,14357.1
14301.8,13970.6
15103.8,12736.4
14529.6,12352.9
13658.2,12313
13791.3,12699.3
13367.1,12696.1
11534.1,12027.6
11512.4,12162
10623.8,12375.8
10462.6,12223.6
10240.7,12718.8
10653.7,13558.6
12101.6,14248.1
12337,13575.7
13116,14029.1
13243.7,14075.9
13786.4,15340.4
14296.4,16720.7
13734.5,17090.9
13888.3,17515.2
14185.5,18215.7
14401.4,18294.1
14411.6,18643.1
14040,19103.9
14000.5,19070.8
13681.5,18986.9
12522.9,19651.9
11045,19912.7
10057.9,19828.1
9540.39,19787.2
9010.25,18879.3
9587.99,18313.9
10306.1,18598.2
10382.9,18487.7
10447.8,17664.5
10415.1,16960.8
11021.3,17156.1
11422.3,17468.5
11828.2,18035.6
11836.5,18233.1
11353.6,18478.6
11861.9,19057
12090.6,18733.3
12039.1,18468.6
12439.5,18465
12568.1,17691.4
13380.5,16753.9
13537.5,16441.1
13116.6,16197.1
12167.3,15727.3
11465.7,15334.8
10727.3,15221.8
10978.1,16025
10947,16320.7
9692.55,15930.3
8571.52,16267.2
8909.94,17159.3
8134.76,17038.1
7868.75,17975.5
7865.96,18464.7
7549.74,19387.5
7045.22,18665.2
6480.77,18222
5687.81,18530.7
5500.54,18871.2
3548.31,19980.7
1832.75,19353
1472.58,18853.7
1051.69,18644.5
1963.17,18512.6
4031.54,18698.7
4452.87,18506.3
5864.59,17499.5
5964.7,17356.6
7183.9,17858.3
7716.16,17753.6
7762.06,16944.8
8002.46,16197.1
7880.99,15302.8
8048.86,14560.4
7624.91,14610.1
7722.96,14402.9
7543.18,14175.8
7413.29,14447.8
7304.49,14682.8
6297.25,14130.8
5812.67,14624.6
6383.6,14841.1
6933.29,15266.9
6984.46,15510.4
6421.47,15776.2
6607.61,15977.1
6564.46,16157.3
6513.59,16390.4
5848.7,16761.2
5449.46,15336.2
4795.12,15931.2
4127.58,15981.3
4258.81,15692.9
4284.62,15531
4097.36,15368.3
3635.48,15731.1
3754.65,15272.5
3748.44,14849.3
4933.99,13452.5
4935.21,13428.8
5279.07,13560.3
5934.62,12975.7
6455.56,12241.7
7086.21,12469.4
7324.37,13310.8
7298.39,13472.8
7886.7,13965.6
8106.85,13845.4
8312.02,13925.7
9454.76,14569.3
9283.38,14102.6
9072.11,13524.5
8624.78,13436.7
8269.14,12785.7
8988.89,12519
8684.68,11768.2
7572.13,11060.3
7308.27,11607.9
7075.18,11138
6604.19,10962.4
6473.15,11170
6197.85,11006.6
6326.69,10625
6091.45,10776.4
5992.27,10901.8
5338.81,11095.6
5156.44,11685.8
5143.65,11758.5
4882.51,11614.1
4371.51,9917.68
4111.82,10587.8
3077.36,10920.3
2018.33,10705.1
2179.78,11928.7
3881.85,12110
2595.11,13318.6
2293.75,13777.8
1640.66,15245.1
1859.95,15976.5
1157.64,15869.5
1052.1,15970.1
1264.22,16681.5
1348.76,17003.6
204.832,16718.6
473.811,16349.2
379.289,15713.3
491.786,15600.8
405.819,14824.4
1162.33,13575.7
503.637,13183.3
882.533,13042.8
1116.27,12788.6
885.497,11407.9
349.432,11696.7
187.87,10967.5
303.34,10769
827.476,10801.2
713.609,10504.9
1205.67,10407
1263.09,10081.1
770.788,9374.81
352.793,8933.25
680.293,8675.69
856.009,8394.63
1510.78,8470.52
1878.75,8414.78
1801.16,9295.04
2673.88,9055.09
2828.72,8044.84
2844.71,7710.69

