373.484,14603.8
288.647,14178.2
123.46,14053.1
122.859,13189.1
69.5721,13117.2
118.379,12716
476.655,13027.9
702.835,12889.3
898.312,13018.5
1072.85,13060.2
987.603,13678.5
1329.71,13290.4
1276.76,13209.2
1127.54,12647.1
1083.64,12106.2
936.18,11971.5
1630.37,11523.5
2682.65,11632.4
2286.74,11014.5
2210.88,10822.2
2527.71,10803.7
2830.9,10414.4
2912.75,10477.8
3298.71,10332.9
1815.35,9732.98
1477.04,10462.3
1396.57,10837
910.898,11044.3
438.284,11344.2
56.4653,11134.8
198.137,10492.6
452.345,10053.9
670.388,10123.3
749.877,10165.8
1223.13,9705.04
726.021,9476.94
972.498,9175.39
1101.19,9072.8
1366.6,9139.6
1028.47,8710.05
476.903,8593.5
3.6623,7278.52
205.317,6827.82
557.864,6913.46
905.211,6665.08
524.317,6066.66
191.275,5807.7
240.136,5559.05
253.894,5441.41
133.573,4619.2
257.003,4655.51
547.577,4895.07
1333.7,6279.41
1731.41,5744.83
1961.28,6044.72
2116.98,5900.01
2483.34,6197.32
2381.28,5921.28
2272.14,5126.85
2114.24,4630.43
1470.71,4952.02
1100.5,5038.25
1050.56,4663.83
1001.81,4322.6
1192.92,3770.35
1732.41,4118.69
1557.52,3778.97
1099.37,3214.5
1299.68,3020.08
1457.76,2696.31
703.368,2457.35
115.629,2568.16
150.055,1685.73
354.117,47.5277
821.416,277.13
1134.96,150.54
1669.63,226.182
2340.07,351.147
2715.88,88.0918
3439.84,321.634
3962.3,501.3
4144.11,15.4775
4261.03,106.824
4304.1,258.228
4334.98,270.569
4418.72,306.395
4497.5,459.485
5639.24,22.2649
5117.3,400.812
4320.57,1149.32
4369.33,1285.5
4494.05,1987.67
4928.18,1998.49
5037.74,1822.84
5187.13,2439.57
4670.46,2702.42
4429.09,3408.33
4909.68,3691.4
5236.92,3667.48
5509.1,3451
5842.37,3187.92
5574.24,2845.65
5711.29,2869.18
5788.73,2798.49
6258.12,2750.96
6095.66,2627.93
5863.74,1804.16
5565.44,1577.82
5796.6,1367.38
5990.61,1620.86
6565.38,2291.4
6797.9,3266.4
7180.91,2921.83
7227.28,2805.63
7589.27,2698.82
7624.47,2830.95
7707.89,2951.36
7958.65,3250.84
8358.61,3313.98
8965.22,3357.18
7393.46,3677.73
7452.72,4131.4
7675.88,4445.78
7578.54,4865.23
7621.74,4879.14
7872.7,4848.78
8254.85,3966.18
8474.46,4291.65
8954.26,4326.88
9237.14,4702.59
9359.74,4667.48
9482.38,4934.54
9279.14,5288.77
9670.04,5508.09
10041.8,5961.38
9917.13,6290
9835.5,7152.47
9607.91,7255.76
9836.74,7789.82
9989.15,7956.04
10273.1,7549.75
10426.5,7782.82
10200.3,7923.52
9896.71,8316.35
9825.11,8706.97
10072.8,9079.24
10154.1,9197.9
10672.5,8686.34
10803.8,8862.03
11372.2,8778.45
11442.7,8468.28
12017.6,8119.6
11862.7,8113.47
11233.7,7785.5
10787.2,7595.56
11577.7,7391.55
12455.6,7563.28
12408.2,6979.99
12800.4,6858.15
12999.5,6988.6
13314.8,6785.29
13572.2,5167.69
13416.3,4786.08
12797,4623.01
12619.5,4277.2
12685.1,4113.72
12295.2,4010.99
12341.7,4749.65
12573.1,4870.96
12397.2,5229.71
12625,5603.98
12869.2,6049.62
12165.1,6145.89
11960.9,5828.6
11761.2,6163.31
11393.3,6478.9
11025.3,6168.21
11167.8,5639.44
11395.7,5059.39
11255.1,4892.27
10615.3,5248.03
10049.2,4687.42
10542.1,4293.97
11132.2,4089.07
11306.4,4120.76
10935.7,3600.43
11052.1,3166.71
11110.2,3161.29
11024,2571.43
10850.1,2125.31
11724,1620.26
11943.8,1043.91
11346.3,552.333
10939.8,934.77
10672.9,675.71
10762.1,959.757
10250.4,2731.43
9698.43,2660.01
9668.53,1741.47
9304.62,1967.88
9269.01,1940.46
8997.06,1634.65
8951.13,1319.86
8492.42,1600.23
8553.56,1954.11
8567.14,2207.6
7955.47,2255.23
7883.4,1980.96
7621.57,1713.71
7373.25,2197.44
7306.82,1933.28
7038.66,1563.33
6679.86,951.971
6949.96,270.106
7520.47,952.728
7474.47,501.209
7604.46,195.089
8317.86,228.426
8734.22,416.24
8730.66,804.03
8370.4,890.863
8728.16,957.932
9049.92,672.051
9220.07,627.018
9473.44,6.4678
9857.54,329.712
10345.1,42.5176
12226.1,118.156
13056.4,48.1973
13466.7,366.504
13454.4,736.497
14258.1,12.7762
14440,936.331
14724.5,1062.18
14872.9,862.157
15133.7,1174.72
15791.4,1627.21
15436.6,905.045
15821.1,838.109
16275,884.367
16539.6,1207.08
16800.2,1376.37
16286.3,2170.83
16435.5,2134.92
17095.4,1854.3
17422.2,770.589
18219.3,939.868
17992,1959.35
18032.1,2800.21
17540,3171.33
18462.5,3593.25
18098.6,3925.08
17460.9,4163.76
17164.1,4348.06
17091.1,3970.39
17004,3977.01
17014.3,3532.68
16337.8,3019.88
16443.9,3427.14
16499.9,3623.29
16527.7,4351.85
16257.7,4054.21
15688.3,4094.09
15857.5,5333.97
15194,5490.64
15277.7,4707.63
15225.4,4583.63
14905.3,4273.01
15037.9,4037.77
15178.3,4042.99
15546.7,3594.69
15080.5,2889.42
14753.6,3449.22
14289.5,3630.02
14205.4,3448.13
14185.6,3207
14441.1,3027.94
14339.4,1892.17
13659.7,3106.4
13559.5,2638.38
13538.4,2550.28
13580,2210.97
12982.7,2086.72
12770.5,2510.11
12289.5,2682.45
12314.8,3085.83
11717.1,2977.21
11938.8,3204.22
11895.6,3434.69
12733.8,3219.4
13006.8,3355.04
13999.3,4530.7
14248.2,5554.13
14322.4,6114.3
14884,6371.72
15135.6,6213.41
15219.5,6463.5
15611.7,6923.2
16165.2,7191.57
16537,6500.33
16988.8,6729.15
16915.4,6563.03
16782,6281.43
16530.9,5774.38
16744.8,5102.76
17112.3,5541.3
17220,5795.47
17120.2,6050.99
17388.5,6372.02
17204.8,6518.05
17411.6,7089.82
17703.7,7023.25
17981.5,7690.71
18003.1,7118.6
18065,6733.78
18380.7,6393.02
17786.7,5832.4
17680.6,5025.8
18308.1,4527.77
18657.8,4757.32
18884.4,4574.13
18845.6,4351.5
19028.9,3873.75
19212,3020.79
18824.5,2844.68
18801.9,2424.6
18987,1769.55
19095.5,1422.44
19388.3,127.02
19626.4,717.034
19975.5,2218.24
19577.4,2693.02
19834.3,2826.62
19446.1,3461.07
19469,3660.29
19347.7,4755.62
19138,5057.75
18868.8,5039.95
18810.5,5243.52
18366.1,5590.44
18649.2,5774.67
18760.4,5695.56
19668.8,6209.22
19327.7,7053.94
19425.1,7148.85
19641.1,7182.79
19896.5,7594.64
19807.8,7942.45
19009.5,8543.42
18993,8668.17
18946,8774.97
18871.2,8699.74
18477.3,8404.44
18281.9,8743.85
18303.5,9000.84
18939.9,9184.83
19210,8974.05
19271.8,8984.89
19619.5,9168.47
19911.7,9979.6
19502.8,9900.63
18957.1,9998.04
18454.9,9406.28
17959.3,9271.83
17923.4,9381.34
17917.3,9530.28
17921.5,9569.59
18078.6,9674.91
17929.5,9844.61
17874.7,9963.7
17439.4,10199.7
19074.8,10752.2
19400.5,11106.1
19403.6,11145.3
19718.6,11189
19914.2,11651.2
19175.1,11836.4
19214,11973.1
18924.5,12162
19017,12463.9
18921.9,12519.2
18577.7,12016.7
18463.9,12076.4
17998.5,12175.8
18028.4,12006.1
18040.7,11630.6
17562.3,11883.1
17219.3,11334.7
17120.9,10047.5
17276,9673.05
17569,9025.81
17097.2,7874.58
16819.8,8103.55
16500.4,8113.29
16448.2,8324.47
16486.5,8493.03
16459.1,8790.67
16467.4,9565.13
16304,9713.37
15824.3,9705.01
15456.3,9682.53
15262.8,9944.14
15474.3,10023
15522.1,10200.1
16713,10265
16516.4,10669
16390.4,10570.6
15724.9,11090.5
15262.6,11153.9
15205.4,10857.4
15099.3,10460.7
14556.5,10055.6
14213.3,10256.6
14159.9,10974
13544,10805
14338.7,9199.7
14489,8940.25
14646.8,8923.8
14904.8,8914.37
14821.6,8277.77
15489.5,8955.29
15993.7,9010.7
15819.4,8587.45
15487.2,7925.14
15083.2,7744.01
15128.6,7600.58
14950.4,7357.77
14812.9,7202.47
14196,7445.4
13734.9,7478.42
13432,7894.22
12576.7,7858.22
12487.4,8318.12
12731.2,8494.35
12838.5,8705.61
13237.5,8787.08
12986.4,9104.16
13189.7,9227.29
13565.4,9361.36
13260.3,9326.22
13088.4,9348.74
12538.7,9797.3
12888.7,10524.8
12484.5,11371.3
12385,11112.1
12237.8,10640.6
11848.5,9662.28
11818,9181.41
11161.2,9311.33
10778.4,9461.3
10741.4,9311.36
9934.95,9605.71
9892.57,9676.71
10105.8,9935.34
10729.9,10118.9
11383.6,10664
11658.6,11544.3
11143.2,11258.1
10751.2,10929.4
10367.8,11159.8
9948.87,11616.2
9973.06,11633.3
10112.8,11625.4
10718.3,11827
10426.2,12603.8
10953.9,13082.1
11403.9,12563.7
11742.9,12628
12040.9,12282.7
12433.1,12426.4
12394.3,12668.4
12274.3,13526.5
11929.4,13326.1
11296.4,13596.7
11081.4,14078.2
11955.6,13759.8
12512.8,14222.3
12699.9,14211.9
12838.1,14733.6
12652.6,14781.7
12521.5,14981.8
12360,15208.8
12098.8,15611.7
11420.2,15652.9
11220.7,15871.4
11133.9,15456.7
11193.8,15223.4
10689,15227.2
10847.8,14729.2
10632.2,14700.3
10043.3,15372.9
9212.07,15447
9267.67,15577.7
9122.67,15840.2
8296.88,16203.9
8164.12,16377.6
8504.32,16652.2
8858.25,16689.2
9600.16,16494.2
10111.9,16302.3
10367.9,16544.1
10711.1,16230.3
10782.9,16307.1
10735.1,16384.3
11003.4,16760
11357.1,16518.2
11475.5,16841
11596,16814
13351.8,15377.6
13811,13754.2
14327.1,13705.1
14783.9,13454.5
15219.2,12927.7
14656.1,12865.2
13969.9,12876.7
13842.9,12536
13181.3,11773.7
13464,11463.5
13739.1,11815.1
14573,11959.6
14800.4,12130.8
15382.1,11955.1
15542.5,12038.2
15868,11760.6
15943.7,12009.8
16087.4,12324.2
16543.7,12327.6
16550.3,12380.6
16497.2,12448.1
16376.1,12796.5
16122.4,12675.8
16119.3,12869.4
15837.6,13092.5
15858,13142.8
16869.7,13235.8
17078.4,13290.9
17198.9,12728.3
17794.3,13459.3
18113,13132.1
18449.6,13469.5
18974.9,13444.3
19906,14190.7
19720.7,14849.1
19147.6,15092.2
18491.1,15279.8
18675.6,15717.9
18513.2,15729.2
18146.3,15687.7
18004.1,15867
17842,15977.9
17559.7,16194
17295.6,15134.6
17163.4,14912
17696.8,13969.2
17294.5,14169.8
17066.8,14416.2
16906.3,14448.2
16640.9,14660.8
16320,14769.4
15941.3,14046
15519.6,13673.3
15311.3,14332
14922.9,14462.6
14720.4,14795.6
14977.3,14797.3
15337.2,15337.1
15248.6,15525.8
15016.3,16031.6
14775.6,15637.9
14120.1,15524.8
13823.7,15598.2
13881.1,15824.2
13283.4,16043.1
13383,16563.9
13513.2,16457.3
13720.9,16597.6
13760.1,16465.5
14019,16192.5
14105.3,16693
13548.7,17256.9
13407.8,17221.8
13308,17064.9
13094,17189.2
13019.5,16891.7
12617.5,16663.6
12615.6,16805.1
12408.3,16879.6
12528.5,17383.3
12800.5,17850.8
12886.1,17918.5
13592.8,18094.9
14302.6,18960.5
14344.1,19183.7
15063.5,18796
15183.5,19125.2
15747.4,18728.8
15887.8,18746.5
16088.4,18310.6
15718.3,18224.3
15891.3,17971.6
15605.2,17817.1
15221.2,17263.1
15140,16720.8
15607.3,16789.2
16164.7,16893.5
16745.5,17498.3
16884.5,17426.5
17418.4,17057.8
17692.4,17826.9
17866.9,17671.8
18353.8,17698
18643.4,17745.7
18730.7,17661
19008.5,17368.3
19419.4,17340.9
19079.1,16575.6
19320.3,15839.4
19576.6,16001.7
19547.7,16121.6
19395.6,16694.4
19533.1,16746.3
19710.5,16822.9
19848.3,17273
19749.9,18001.4
19143.2,18065.2
19047.3,18217.2
18716.8,18352.8
18385.4,18273.7
18727.2,19146.2
18932.6,19076.8
19285.3,18793
19395.1,19684.8
18250,19691.1
18234.4,19405.1
18093.3,18391.7
17713.2,18203.1
17751.6,18388.8
17548.3,18488.5
17841,18765.6
17578.7,18865.3
16971.7,18926.1
17030.8,19098.5
16991.3,19772.9
16816.5,19680.8
16184.5,19274.8
15890.3,19615
15653.6,19355.4
15516.2,19822.2
13782.8,19972.8
13278.1,19319
12908.9,19288.8
12434.2,18491.9
12329.4,18127
11924.5,17922.1
11273.9,17885.2
11073.4,18376.2
11297.2,18415.4
11145.7,18755.1
9818.41,19723.1
9748.65,19646.8
9432.53,19083.1
9607,18937.5
9961.94,18459
10455.9,18548
10352.6,17333.5
10035.2,17280.8
9775.78,17181.3
10117.8,17568.3
9928.96,17808.2
9901.43,17863.9
8949.51,17969.6
8697.4,17541.4
8532.75,17605.3
8426.64,17767.1
8356.69,18380.6
8457.12,18666
8612.81,18854.2
8931.98,18868.4
8881.34,19035.9
8750.9,19306.8
9051.86,19426.6
9067.97,19988
7809.76,19442
7666.45,19408
6704.87,19562.1
6656.9,19801.4
6186.84,19857
5703.99,19488.4
5870.23,19223.3
5390.38,19207.6
5461.05,19057.2
5484.3,19042.7
5425.38,18820.7
5346.31,18571.1
5584.86,18451.2
5952.46,18553.8
6318.16,18398.6
6586.13,18895.6
6550.6,19016.6
6985.56,18853.8
7123.16,18620.4
7305.65,18501.9
7335.61,18183.1
7534.43,17995.6
7982.68,17088.7
7640.67,16881.1
7703.03,16173.8
7346.76,15721.8
7219.98,15676.3
7000.98,15336.1
6736.33,15527.7
6774.15,15246.7
6537.83,14372.8
7004.97,14806.8
7389.05,14985.8
8166.6,15281.5
8201.57,15085.5
8656.07,14992.2
8980.97,14572.7
9714.15,14479.4
10142.5,13860.1
10178.7,13556.1
9910.07,13113.4
9898.4,13190.5
9579.05,13418.6
9534.33,13413.3
9580.07,13703.6
9352.65,13734
9154.09,13883.5
8851.57,13868.3
9097.03,12937.4
9254.8,12881.4
9419.21,12631.2
9325.01,12100.9
9058.48,11997.2
9104.02,11475.2
9545.93,10340.5
9072.34,10268.2
8724.9,10995.9
8388.64,10696.6
8069.22,10958.3
8020.16,10191.1
8718.55,10129
8802.49,10135.8
9200.15,9977.28
9563.9,9568.14
9548.44,8954.93
9227.38,8208.58
8848.64,8658.96
8670.54,9024.31
8620.97,9256.96
8409.15,9341.65
7588.79,9453.44
7820.94,9112.17
7218.14,7950.57
6667.72,7867.18
6156.64,8278.17
5950.53,8186.41
6090.2,8334.77
6259.57,8613.88
6328.81,8728.47
6157.89,8979.38
5883.62,8837.58
5243.51,8198.92
5296.92,7842.12
5262.89,7613.69
4780.15,7111.31
4984.43,6957.6
4990,6872.31
6462.08,6687.86
6707.64,6619.93
7220.28,6432.12
7702.9,6459.79
8102.84,6823.54
8469.48,6969.51
8261.64,7312.98
8372.71,7584.63
8888.43,7298.58
8829.65,6656.48
9343.08,6657.97
9368.08,6177.48
9210.17,5870.11
8693.72,5505.35
8606.71,5696.55
7770.63,5724.51
7255.81,5551.5
6854.87,5727.24
6386.43,6160.25
4929.86,6116.63
4971.28,5865
5366.46,5397.24
5812.17,4967.8
6166.8,5455.52
6824.97,5154.46
6859.81,4677.39
6496.16,4695.89
6295.12,4008.1
4929.08,4687.45
4421.93,4749.99
4100.45,4558.86
4166.35,4272.56
4261.27,3927.7
4352.05,3941.22
4294.01,3725.75
3930.36,4061.6
3832.31,3881.97
3635.38,3786.07
3941.29,3024.42
4013.78,3007.2
3444.61,1902.45
3331.36,1263.36
3190.83,1274.98
3118.84,1383.56
2708.36,979.394
1999.22,1044.67
1101.2,1550.84
1231.85,1758.25
1554.86,2022.2
1585.46,2144.2
1955.6,2560.81
2109.36,2775.49
1916.1,3362.63
2704.04,2944.97
2541.57,3552.32
2731.34,3904.88
3107.29,4308.81
3126.69,4326.97
3205.84,4829.17
3008.07,5251.37
3594.81,5694.01
2901.31,6622.24
2178.56,6998.7
1800.12,7180.08
1529.5,7253.94
2166.48,8298.25
2518.63,8099.39
2742.92,7575.56
2902.03,7196.15
3371.39,6816.68
3375.81,7170.31
4331.26,7403.85
3935.09,7734.69
3719.26,8626.2
2992.34,9589.66
3112.3,9573.53
3563.12,9340.39
3929.62,9055.89
4142.83,8306.41
4472.87,8193.48
4723.51,8173.41
4813.15,8111.4
4881.47,8413.67
4627.13,9131.41
4967.61,9599.33
4617.29,9959.39
4698.67,10397.2
5119.88,10277.6
5263.33,10753.7
5199.89,11448.6
4743.62,11626.4
4573.02,11823.2
4744.68,11244
4602.24,11281.4
4154.41,11408.2
3886.81,11092.5
4130.84,10113.4
3797.34,11005.2
3310.29,11394.5
3305.76,11547.7
3275.86,11578.7
3526.52,11673.7
3659.42,11942.6
4168.87,12469
4653.49,12839.9
5177.01,13103.7
5369,13236.2
5485.74,13068.6
5757.55,12955.5
5842.18,12489.5
6088.29,12118.1
6137.48,12024.3
6213.41,11872.8
6395.11,11753.9
6337.96,11186.9
6196.67,10628.7
6460.5,10206.7
6695.35,10313.5
6663.96,10378.5
6728.77,11600.3
7187.23,12106.2
7574.13,11917.7
7761.4,11660.1
8045.14,12311.5
7709.55,13015.1
7041.35,12927.5
6809.55,12769.2
6845.99,13285.4
6959.75,13393.2
5901.68,13627.1
4841.84,14231.5
5061,14654.9
5268.9,14696.7
4770.83,15311.7
5287.75,15302.1
5613.13,15475
5868.15,15202.9
6251.2,15133.5
6296.06,15187.1
5954.45,16050.8
6475.56,16729.7
6550.37,16814
6393.51,16867.5
5965.92,17341.6
5786.11,16551.3
5665.94,16407.2
5323.39,16010.7
4926.62,16163.5
4052.8,15228.3
4014.49,14923.6
4174.26,14868.9
4331.18,14921.4
4154.54,14509.2
3674.89,14385.4
3492.44,14393
3411.5,14630.5
3462.86,14887.9
2802.89,14199.6
3527.39,13546.6
3305.78,13238.5
3177.63,12414.8
3296.39,12153.7
2788.09,12529.5
2106.46,12699.8
2073.15,12970.7
1937.66,13005.9
2066.74,13203.4
1881.68,13671.6
1480.84,14298.3
1507.89,14309.8
1683.83,14820.8
1966.93,14774.5
2099.77,14738.5
2286.13,14908.6
2590.74,15174.3
2720.45,15361.4
2258.12,15321.3
2218.01,15472.7
1991.31,16031.4
2700.87,16033.3
3555.93,15934.8
3692.79,16566.8
4212.77,16297.9
4870.68,16989.3
4896.44,17147.8
4168.18,17455.5
3996.27,17056.5
3725.36,17424
2621.95,16996.3
2616.39,16827.6
2408.96,16773
2403.53,16796.1
1698.83,16904.7
2091.75,17171.1
2365.99,17777.8
1845.67,17793.1
1825.01,18266.5
1572.49,18022.9
1322.26,17686.7
1423.63,18047.4
1280.7,18470.3
2078.62,18822.4
2534.39,18781
2731.63,18410
2725.02,18966.8
3442.59,18947.3
3337.66,18724.2
3337.94,18240.9
4049.63,18150.1
5006.46,19509.8
3557.43,19749.3
3396.04,19691.8
2837.49,19798
2533.11,19993.9
1076.06,19094.3
282.107,19722
165.203,18813.5
599.043,18618.6
75.4183,18420.6
205.388,17885.2
80.9165,17795.1
1163.43,17154.3
862.169,16868.7
1183.96,16448.9
814.489,16159.8
773.952,15881.4
316.435,15607.4
734.472,15668.8
1620.27,15444.8
1258.55,15319.8
873.511,14939.8

