19198.3,8264
18751.8,8703.24
19441.4,8666.98
19412.5,8968.54
19952.6,9013.74
19904.4,10372.2
18992.5,10390.2
18507.1,10343.2
18535.2,9405.14
17891.7,9180.93
17831.7,9523.19
17653.8,9590.05
17819.6,9837.91
17930.8,10075.9
17670.1,9934.38
17183,10194.4
16995.9,10565.8
16908.7,10739.3
17526.1,10571.2
17888.1,10681.3
17832.5,11074.4
18106.6,11167.3
17837.4,11523
18294.6,11483.4
18325.5,11719.8
18945.9,12176.5
19452.9,11688.3
19543.2,11529.1
19789.9,11751.1
19425,12034.4
19391.8,12730.6
19808.8,12510.9
19970.5,13052.1
19276.6,13523.3
18443.3,13533.4
18825.8,13189.1
18601.3,12836.4
18291.3,12986.9
18147.5,12864.8
17954.1,13224.1
17242,13534.2
17212.9,14019.6
17140.6,14047.3
17255.3,14210.2
16772.5,14206.8
16504.3,14199.4
16493.5,13956.8
16736,13677.5
16641,13497.7
17213.9,13002.2
17509.7,12724.1
17364.4,12358.8
17259.9,11985.2
17060.6,11433.6
17188.4,11188.3
17109.1,11257.1
16734.6,11395.6
16754.2,11110.2
16189.6,10718.8
16179.4,10640
16510.8,10494.3
16364.8,9873.9
16267.7,9594.99
15909.5,10138.5
15918.6,10549.5
15795.6,10953.1
15925.9,11336.5
16102.2,11375.1
16074.9,11581.3
15816,11723.7
16131.5,12128.3
15795.3,12433.4
15448.7,12899.4
15802.5,13171.8
15533.7,13433.5
15837.8,13654.7
15595.4,13770.4
15839.9,14118.8
15826.5,14607
15740.3,14616.1
14949.3,13992
14918.4,13465.6
14382.9,14468
14920.5,14994.8
16489.3,15227.3
16942.9,15274.1
17275.5,15354.9
17529.2,14763.4
17723.5,14897.2
17774.9,15350.6
18026.4,15505.4
17945.3,15197.1
18112.9,15083.5
18199.2,14701.2
18599.8,14385.5
18479.5,14811
18593.3,15196.3
18759.2,15063.6
18998.6,14827.9
19290.7,14975.2
19805.6,14334.8
19891.8,14631.8
19969.9,14856.7
19272.1,16216.8
19179.8,16681.9
18794,15822.2
18798.5,15710
18581.3,15797.3
18072.1,16251.9
17727.1,16840.9
17715.2,16996
17608.4,17021.4
17608.4,17112.9
17927,17325.5
18405.4,17135.9
18527.3,17178.2
19418.8,17461
19764.5,17392.3
19908.2,18140.5
19260.4,18690.9
19163.6,18502.9
18707.8,18309.1
18267.4,18303.3
17858.6,18204.8
17679.9,18304.3
17868.3,18741
17704.2,19005.6
18132.7,18776.1
19933.1,19830.4
19371.3,19903.2
18913.8,19994.3
17477.2,19388.1
17413.5,19691.9
17044.7,19686.4
17041.6,19056.3
16363.4,19261.1
16011.3,19674.1
15912.5,19518.2
15394.3,19399.4
15188.8,18804.2
15087.9,18225.1
14883.3,18038.6
15194.4,17215.8
14961.6,16900.2
15359.6,16498.4
15626.7,16504.5
16024.1,17370.5
15774.4,17962.4
16003.1,18117.5
15845.1,18266.5
15860.2,18503.6
15918.9,18790.5
16368.9,18575.4
16969.5,18332.1
16971.7,17749.7
16833.1,17668.4
16975.8,17265.4
16642.7,17313.5
16324.4,16711.3
16315.7,15758.8
15418.2,15831.2
15370.8,15796.1
15244.1,15922.5
15002.4,15721.6
14743.4,16146.2
14592.9,15521.2
14019.6,15340.3
13992.3,15431.8
13877.7,16067.9
14055,16372.6
12884.5,16114
12408.4,16391.9
11797,16643.8
11951.6,17514.5
12004.6,18087
12435.5,18223.2
12826.7,18248.3
13048.7,17613.1
13141.9,17602.1
13532.4,16778.2
13713.3,16688.6
13851,17022.4
14112,17340.6
13742.2,17438.2
13771,17699
14372.3,17814.9
14573.6,18228.5
14637.6,18441.6
14543.8,18887.3
14074.1,19489.4
13728.9,19484.9
13163.2,19872.7
12916.7,19542.5
12923.3,19408.1
13321.9,19277.4
13768.9,18747.7
13132,18724
12408.8,19141.9
12188.5,19090.1
11925.3,19236.3
11436.2,19887.9
11000.5,19855.5
10729.1,19960.3
9830.14,19865
9297.9,19596.2
8702.29,19320.1
9271.6,19225.7
9668.27,18741
10189.8,18845.6
10593.8,18995.7
11113.2,18516.3
10743.4,18326.9
10778.1,17825.4
10546.1,16875.7
9919.63,17027.2
9716.21,17295.1
9988.01,17513.6
9520.18,17793.2
9385,17879.4
9349.34,17290.8
8845.81,17314.6
8627.94,17216.7
8339.15,17216.8
8435.29,16941
8146.41,16819.6
7782.73,17390.9
7921.37,17693.3
8648.52,18103.3
7926.06,18259.7
7764.27,19348.5
7299.56,19204.8
7165.75,19405.8
7141.58,19383.7
7162.12,19006.6
6994.31,18939
6957.37,18833
6451.44,19253.7
6449.92,19116.1
6093.82,18910.7
5946.64,18728.7
5978.01,19215.3
6215.6,19832.2
5682.13,19521.9
5426.95,19218.2
5220.05,19151.2
4894.75,19649
4303.42,19958.3
3975.24,19495.2
4419.08,19209.1
3776.52,18986.6
3737.18,18879.9
3388.07,19003.4
3307,19034
3134.18,18927.1
2845.72,19580.7
2182.95,19050.3
2474.91,18500.8
2063.5,17827.6
2050.18,16853.2
1724.1,16603.3
1627.58,16179.2
1225.71,15868.8
1045.86,15573.4
903.052,15374.4
711.453,15715.3
739.99,17626.9
821.728,18055.2
1092.68,19878
420.52,19751.1
87.8592,19843.9
130.387,18629.7
42.5001,18544.4
256.057,17943.6
312.51,17256.8
204.224,16856.5
186.978,15787.5
165.698,14936
3.6218,14333.7
1144.93,14161.8
1722.62,13417.3
1843.02,13512.9
1917.37,13685.5
2144.67,13678.6
1905.41,14682
2140.45,15841.6
2930.57,15166.6
2602.63,15050.9
2595.42,14464.7
2876.96,14079.8
2974.59,13826.3
3221.23,14020.1
3744.45,14172.9
3737.15,13913.2
4196.08,13719.6
3835.71,13427.5
3645.22,12915.9
3981.85,12853.6
3942.87,12508.3
3364.51,12693.4
2522.84,13049.4
2262.27,12722.1
2076.8,12554.2
1994.47,12760.2
2068.53,12898.1
1573.38,12977.3
951.388,12626.5
219.395,12488.9
238.534,11831.2
281.589,11716.3
671.396,11638
1397.23,11502.6
135.048,11196.6
145.375,11157
142.131,10222.2
734.583,10269.2
775.294,10444.4
835.242,10831.6
1304.37,10565.4
1584.58,10500
1695.72,11205.7
1918.39,11042.2
2196.6,10814.9
2086.34,10203.3
3089.99,10493.7
2916.38,10629.4
2786.28,10951.5
2569.82,11844.6
3136.53,11770.3
3443.31,11392.3
4019.1,11967.9
4141.62,11839.1
4617.97,11535.5
4140.94,11155.3
3432.25,10772.4
3854.03,10737.7
4230.48,10730.4
4178.64,10612.7
4871.47,9977.54
4700.3,9570
4451.64,9746.7
4174.03,9617.24
3959.75,9734.58
3704.65,9389.59
3105.3,9194.3
2707.42,8535.29
2460.51,9175.31
1039.15,8884.05
1033.15,8871.17
193.877,9438.67
156.266,9324.1
219.283,8986.78
10.3731,8284.84
1110.41,8605.57
1219.45,8054.51
1061.35,7766.01
714.925,8024.42
336.435,7601.6
722.924,7510.64
677.764,7222.92
529.392,7162.99
766.548,6943.69
54.0542,6674.56
321.683,6108.8
1175.69,6801.18
1259.61,6824
1892.98,7327.42
2323,7051.99
2986.14,7653.74
3115.59,7851.53
3931.75,8249.94
3835.65,7445.38
3731.17,7136.88
3624.41,7139.26
3633.32,6875.52
3609.22,6691.88
4009.83,6571.75
4484.26,5933.62
4442.99,5940.07
3521.94,5759.27
2846.83,5181.14
2268.06,6145.43
2426.37,6347.54
2521.85,6377
2250.68,6470.69
2039.71,6502.55
1973.41,6216.88
2182.7,5896.64
2331.72,5470.74
2268.94,5157.51
2843.99,4869.09
2758.45,4597.38
2608.68,4167.64
2178.34,3485.83
1685.6,3543.49
2158,4126.54
2150.87,4132.49
1789.6,4494.27
1640.64,4806
1444.5,4864.45
894.777,5163.04
458.4,5647.78
70.1088,5513.72
186.365,5131.38
161.2,4843.55
177.666,4713.99
125.893,4659.35
285.845,4699.34
853.915,4352.85
1256.36,4326.85
1179.59,3764.58
864.836,3528.56
586.755,3572.45
157.734,3148.05
171.017,2977.95
520.764,2784.8
1088.24,3009.66
1463.88,2756.41
1565.62,2604.18
1765.07,2587.85
1879.01,2027.14
2092.85,2067.41
2196.19,1477.83
2089.34,1211.2
1343.29,2060.75
634.088,1318.96
62.3687,1142.73
576.137,582.707
881.677,962.074
1924.46,229.051
2076.82,331.248
2919.22,186.15
2960.82,218.774
3348.11,215.196
3597.98,445.661
2671.28,853.72
2427.08,1159.04
2470.69,1397.9
2558.12,1522.73
2708.81,1478.01
3378.05,2452.31
3737.55,2193.86
4647.95,2167.73
4578.57,2517.63
3616.02,3211.94
3512.59,3389.24
3398.23,3480.37
3821.48,3897.97
4919.59,3882.05
4905.18,3335.62
4810.76,2903.68
5396.34,2801.71
5024.77,1963.48
3856.83,1137.06
4182.28,224.711
4904.21,653.3
5318.68,880.107
5713.65,460.177
5773.46,338.171
5878.76,883.95
6367.15,752.632
6077.88,936.345
5876.12,1411.48
5788.08,1561.87
5879.27,1680.27
6250.31,2174.45
6797.46,1970.65
6778.57,1686.12
6959.49,1712.16
7447.07,2360.48
7592.27,2337.17
8056.23,2200.45
8006.18,1563.44
8501.24,812.149
8426.36,666.581
8570.01,250.075
9109.91,280.755
9926.65,69.2209
10405.7,78.404
10795.4,306.899
12156.8,408.445
12397,1137.44
12599.6,1332.48
12647.4,957.569
12811.1,1018.95
13363.5,1079.24
13062.8,1480.99
13078.5,2051.82
12837.2,2201.51
13058,2237.2
13336.7,2595.33
12801.6,2979.76
12673.9,3083.47
12500.4,3182.98
12181.5,2621.27
12247,2010.59
11877.3,1899.85
11784,1700.78
12009.6,893.844
11461.1,918.282
11178.5,846.139
10761.4,787.415
10592.6,835.01
9813.5,924.112
9401.73,924.176
9013.87,1077.75
9457.8,1190.74
9812.6,1300.45
9815.87,1328.78
11273.1,2379.08
11451.5,2265.64
11508.3,2293.67
11844.7,3502.72
12450.4,3721.23
12185.7,3844.97
11908.3,4043.75
11891.7,4619.58
11734.6,4753.33
11944.5,4701.06
12152.7,4245.07
12507.4,4214.78
13131.1,4878.36
12324.1,5502.12
12444.6,5531.97
12712.4,6118.39
12728.8,6499.62
12155.7,6252.31
11804,6192.7
11818,6008.65
11567.5,5586.2
11073.8,5811.72
11132.6,5295.12
11379.4,5271.39
11113,4690.5
10975.9,4550.38
10881.2,4417.57
10849.2,4295.02
11346.8,3986.1
10752.2,3857.4
10767.2,3592.37
10432.4,2338.01
9208.18,1985.45
9059.45,1779.25
8686.9,1751.44
9296.67,2453.42
9238.26,2844.53
8999.97,3248.96
8810.99,2888.09
8714.94,2422.43
8512.12,2465.93
8275.89,2887.8
7974.06,3430.09
8308.53,3564.72
8433.71,3857.57
8877.95,4223.37
8721.95,3696.22
8961.57,3697.81
9218.83,3609.87
9901.62,3929.36
10206.9,3853.37
10058.4,3992.22
9944.32,4858.04
9633.2,4877.27
9483.75,4832.15
9574.63,5241.08
9223.9,5392.47
9247.09,5590.25
9759.33,5893.23
10007.5,5625
10279.5,6312.93
10557.2,6492.13
10822.2,7037.56
10282.3,7448.9
10200.3,8081.85
10098.4,8175.83
10166.1,8191.46
10555,8095.34
10890.3,8153.08
11501.8,7908.07
11639.4,7948.45
11451.8,7767.44
11654.4,7099.9
12172.1,7245.77
12383.8,7337.06
12611.4,7210.58
13024.8,8023.86
13246.4,8933.38
13500.2,8823.71
13668.5,9093.04
13305.1,9677.33
13049.5,9530.38
12982.3,10025
13364.3,10115.5
13422,10521.1
13266.3,11275.8
12829.1,10968.8
12450.8,11245.7
12475.4,11400.8
12695.4,11816.6
12750.9,11972.6
12771,12167.6
11937.5,11670
11842.4,11434
11436.9,11425.4
11284.8,12113.7
11462.1,12478
11449.7,12555.8
11193.4,12759.9
11135.7,12801.9
10711,12769.4
10258.7,12556.6
10017.8,11805
10403.8,11646.6
10172.1,11217
10253.2,11076.7
10530.9,10927.7
10676.7,10050
10649.9,9846.77
11002.9,9933.63
11188.8,9938.63
11635.7,9637.6
11509,10250.7
12301.2,10423.4
12375.3,9644.9
12507.3,9603.35
12638.7,8707.88
10949.9,8559.28
10773.5,8492.94
10409,8702.24
10307.2,8909.98
10390.5,9328.79
10161.9,9062.74
9921.91,8685.58
9480.39,7900.68
9371.8,7693.7
9615.86,7319.36
9642.51,7210.92
9352.55,6637.47
8902.94,6031.79
8483.59,6609.84
7142.67,7026.72
7084.26,6367.42
7162.25,5614.05
7476.35,5801.87
7750.27,6114.04
8214.91,5667.82
8362.32,5269.48
7994.3,4206.88
7392.01,4100.32
7101.21,4461.3
7046.81,4206.35
6653.85,4130.04
6545.29,4133.4
6316.28,3869.63
6576.98,3705.82
6662.36,3623.81
7060.27,3159.93
6683.35,2924.38
6478.2,2878.74
6223.26,3143.67
6087.2,3492.64
5693.43,4246.9
5623.08,4279.82
6001.72,4581.03
6092.98,4593.42
6011.76,4977.84
5271.52,5281.56
6222.06,5785.53
6379.65,5857.47
5998.46,7004.68
5313.86,7035.47
5422.83,6806.57
5193.51,6337.12
5043.74,6650.21
4787.78,6547.94
4634.59,7250.09
4528.49,7427.61
5183.58,7598.89
5592.92,7527.11
6029.86,7596.85
6444.52,7769.41
6561.37,7674.53
7042.97,7652.53
7671.58,7794.63
8094.04,7870.59
8617.56,8233.1
8734.54,8675.01
8793.96,8738.34
8306.97,8805.98
8108.3,8796.05
8321.9,9107.95
8350.02,9338.21
8672.76,9336.86
9165.85,8908.83
9591.73,9377.98
9603.71,9566.7
9641.63,9657.47
9770.13,9513.37
9992.71,9876.22
10160.1,9915.18
10215.1,9914.32
10180.2,10155.1
9727.96,10206.4
9098.36,10160
9165.18,10280.6
9327.71,10944.8
8801.46,11525.1
8194.01,11117.7
8161.33,10670.6
8067.37,10034.8
7739.54,9209.26
7258.92,8440.77
6424.32,8326.13
6138.58,8155.76
6015.81,8597.82
5875.51,8506.47
5751.06,8754.4
5147.28,8726.12
5367.38,9384.61
5231.94,9960.3
5032.61,10886.4
5347.35,11006.7
5745.04,10644.8
5836.87,10504.8
5869.03,10394.4
6202.8,10695.2
6161.04,10154.2
6089.78,10072.2
6136.53,10033.6
6265.09,9413.98
6313.34,9267.23
6393.98,8895.52
6535.85,9083.92
6849.03,10014.1
7164.88,10207.1
7152.2,10900.1
6966.9,10959.1
7117.53,11523.3
6590.95,11487.2
5973.71,11330.8
6000.32,11972.8
5568.46,11776.9
5352.99,12138.9
5391.36,12745.7
5129.02,13065.1
5037.8,13083
4604.92,14298
4598.71,15031
4205.33,15631.1
3886.36,15700.3
3531.3,15693.3
3451.06,15898.7
3498.28,16532.5
3119.44,16480.7
3159.66,16972.7
2890.88,17123.8
3030.52,17900.9
3278.49,18205.7
3311.02,17792.9
3442.6,17403.3
3732.42,16958.1
4101.5,16490.7
4368.14,16653.1
4640.14,16057.9
5133.76,16233.5
5145.27,16832.2
5172.05,17173.2
4785.46,17044.7
4475.04,17418.9
4046.57,18227.4
4104.88,18726.9
4411.75,18544.3
4465.81,18782.8
4831.47,18752
5490.77,18077.6
5806.06,17447.8
6158.73,17019.8
5662.22,16649.5
5888.29,16714.1
6117.88,16751.9
6600.07,16724.6
6682.43,16643.2
6757.27,16817.4
6773.08,17033
7070.39,16774.1
7062.49,16274.4
7291.98,16126.2
7031.19,15556.4
7897.61,15220.2
8083.88,15142.9
7447.88,14618.1
7188.87,14865.6
6895.36,14907.1
6201.3,15370.6
5259.67,15358.2
5305.43,15060.3
4974.77,14849.9
5277.36,14664.9
5892.18,14301.1
6566.69,14308.4
6358.09,13609.6
6524.64,13498.3
7533.72,13975.7
7356.74,13498.7
7509.28,13207.8
6834.77,13046.4
7179.79,12748
7923.74,12905.8
8127.3,12892.1
7881.97,12497.4
7945.05,12345.7
8120.46,12118.8
8248.31,12134.3
8612.67,12505.9
9476.35,12334.7
9321.96,12868.2
9360.39,13421.6
9011.89,13925.7
8857.97,15837.4
9126.8,16033.6
9103.51,16422.1
9304.48,16396.2
9478.77,16440.6
9483.56,15887.6
9531.34,15498.5
11023.3,16179.5
11473.7,16273.4
11334.6,15954.8
11125,15698.4
11669.7,15115
12192.5,15175.7
12427.4,14742
12572.9,14547.5
13062.7,15085.1
12810.8,14528.2
12986.9,13823
12134.8,13663.1
11456.9,14557.3
11010.2,14691.3
10325.5,14789.1
10598.1,14355.2
10734.5,14277
11149.8,13943
11106,13929.1
10708.9,13680
10563.5,13607.3
10863.9,13229.1
11069.4,13360.8
11577.1,13666
12306,13157.3
13147.5,13137.9
13719.2,13843.1
14046.1,13921.3
13948,13456.1
14081.2,13153.4
13874.1,13124.9
13813.7,12431.6
13578.2,12331.9
13867.7,12286.2
13956.9,12370.3
14061.6,12334.2
14267.2,12462.5
14262,11969.8
14607.3,11772.5
15015.6,12332.1
15209.1,12239
15514.4,11331.8
14900.1,11138.8
14752.5,10645.7
14580.8,10787.1
14487.1,10859.1
14374.2,10796.9
14359.8,10793.4
14158.5,10115.7
13917,9758.37
14238.9,9554.22
14998.3,9826.99
15519.6,9285.03
16019.3,8767.37
16610.6,8646.95
17338.4,8403.35
18116.3,8070.19
17954.6,7917.09
17574.3,7528.51
16851.4,7233.31
16259.2,6689.43
16182,6927.91
15829.6,6966.94
15652.3,6890.84
15675.7,8108.5
15403.1,8610.4
14931.6,8887.53
14606.8,8505.48
14628,7830.77
13918.8,7654.47
13837.6,7530.03
14478.2,6860.03
14923.2,7012.45
15155.1,6552.89
15260.7,6587.19
15492.4,6490.71
15034.7,6015.79
14797.1,6222.64
14009.1,6198.61
13832.3,6206.57
13964.6,5632.57
13659.7,4455.26
13424.6,3719.41
13532.3,3159.47
13989.3,3660.47
14230.3,3544.16
14159.7,2865.08
14868.8,3322.3
14588.5,4007.1
15081.8,4495.31
15024,5258.6
15076.7,5307.06
15704.4,5268.64
15520,5496.58
15630.8,5835.31
17020.2,5943.67
17324.9,6556.46
17865.5,6651.02
17692.3,6199.36
17544.5,6041.71
17376.6,5912.97
17038.4,5498.23
17161.2,4995.38
16632.3,4716.65
16361.7,4573.18
16471.4,3958.81
16194.9,3610.49
16226.1,3443.98
16368.4,2665.8
15436.3,2435.1
15182.7,2566.09
14674.8,2476.99
14189.8,2372.71
14168.4,2236.81
14431.3,2114.27
14530.3,1790.84
14425.2,1799.74
14378.8,1768.43
14110.4,1309.51
14033.5,845.835
14183.5,870.103
14576.6,1308.35
15323.8,1425.2
15499.9,1202.63
15387.7,142.503
15621.2,26.2754
16369.9,239.113
16988.8,154.251
16308.4,1065.29
16341.3,1258.97
16406.1,1931.92
17091.1,1901.75
17128.6,1816.77
17289.4,1887.48
17819.7,1778.19
17592.8,1594.83
17237.8,1303.1
17142.2,780.875
17565.9,701.164
18025.3,818.079
18509.4,371.328
18939.1,573.308
19162.4,736.765
18909.5,1078.14
18681.7,1994.11
17922.7,2439.22
17574.2,2390.15
17419.1,3522.99
18167,3871.5
18485.6,2919.8
19195.1,2841.9
19475.7,2497.4
19740.5,2408.18
19890.6,2928.6
18882.4,3465.81
18859.1,3912.65
18897.5,3980.89
18850.7,4042.66
18698.9,4719.37
18522.2,4578.25
17963.1,4584.14
17887.7,4963.66
18387.1,5865.99
18242.5,6157.55
18278.4,6215.07
18585.1,6166.39
18730.2,6225.89
18968.9,6096.78
19554,6452.81
19711.7,7164.24
18792.3,6655.37
18654.9,6600.98
18501.7,6764.52
18342.5,6768.39
18372.8,7008.43
18995.9,7990.98

